22:45:24 INFO  : Launching XSDB server: xsdb.bat C:/Xilinx/SDK/2015.3/scripts/xsdb/xsdb/xsdb-server.tcl
22:45:30 INFO  : XSDB server has started successfully.
22:45:30 INFO  : Processing command line option -hwspec D:/SEUDProject/XA200T_TMR_GPIO_UART_AXIvoter/XA200T_TMR_GPIO_UART_AXIvoter.sw/design_1_wrapper.hdf.
22:53:18 INFO  : Connected to target on host '127.0.0.1' and port '3121'.
22:53:21 INFO  : 'targets -set -filter {jtag_cable_name =~ "Digilent Nexys Video 210276690158B" && level==0} -index 0' command is executed.
22:53:29 INFO  : FPGA configured successfully with bitstream "D:/SEUDProject/XA200T_TMR_GPIO_UART_AXIvoter/XA200T_TMR_GPIO_UART_AXIvoter.sw/design_1_wrapper_hw_platform_0/download.bit"
22:54:18 INFO  : Processor reset is completed for microblaze_0
22:54:47 INFO  : Processor reset is completed for microblaze_5
22:55:59 INFO  : Processor reset is completed for microblaze_4
23:00:31 INFO  : Processor reset is completed for microblaze_1
23:00:41 INFO  : Processor reset is completed for microblaze_2
23:00:48 INFO  : Processor reset is completed for microblaze_3
23:38:24 ERROR : Checking FPGA configuration failed..Connection to Board Failed


    Failed to open Cable Node jsn-Nexys Video-210276690158B on TCP:127.0.0.1:3121


23:38:24 ERROR : Unexpected error while launching program.
com.xilinx.sdk.targetmanager.TMException: Connection to Board Failed


    Failed to open Cable Node jsn-Nexys Video-210276690158B on TCP:127.0.0.1:3121


	at com.xilinx.sdk.targetmanager.internal.TM.isFPGAConfigured(TM.java:374)
	at com.xilinx.sdk.debug.core.XilinxAppLaunchConfigurationDelegate.isFpgaConfigured(XilinxAppLaunchConfigurationDelegate.java:381)
	at com.xilinx.sdk.debug.core.XilinxAppLaunchConfigurationDelegate.launch(XilinxAppLaunchConfigurationDelegate.java:290)
	at com.xilinx.sdk.debug.ui.XilinxAppLaunchDelegateWrapper.launch(XilinxAppLaunchDelegateWrapper.java:31)
	at org.eclipse.debug.internal.core.LaunchConfiguration.launch(LaunchConfiguration.java:858)
	at org.eclipse.debug.internal.core.LaunchConfiguration.launch(LaunchConfiguration.java:707)
	at org.eclipse.debug.internal.ui.DebugUIPlugin.buildAndLaunch(DebugUIPlugin.java:1018)
	at org.eclipse.debug.internal.ui.DebugUIPlugin$8.run(DebugUIPlugin.java:1222)
	at org.eclipse.core.internal.jobs.Worker.run(Worker.java:53)
01:08:48 INFO  : Connected to target on host '127.0.0.1' and port '3121'.
01:08:48 INFO  : 'targets -set -filter {jtag_cable_name =~ "Digilent Nexys Video 210276690158B" && level==0} -index 0' command is executed.
01:08:54 INFO  : FPGA configured successfully with bitstream "D:/SEUDProject/XA200T_TMR_GPIO_UART_AXIvoter/XA200T_TMR_GPIO_UART_AXIvoter.sw/design_1_wrapper_hw_platform_0/download.bit"
01:09:01 INFO  : Connected to target on host '127.0.0.1' and port '3121'.
01:09:48 INFO  : Processor reset is completed for microblaze_0
01:09:55 INFO  : Processor reset is completed for microblaze_5
01:10:11 INFO  : Processor reset is completed for microblaze_4
01:13:44 INFO  : Processor reset is completed for microblaze_1
01:13:54 INFO  : Processor reset is completed for microblaze_2
01:14:01 INFO  : Processor reset is completed for microblaze_3
01:27:46 INFO  : Processor reset is completed for microblaze_1
01:27:53 INFO  : Processor reset is completed for microblaze_2
01:27:59 INFO  : Processor reset is completed for microblaze_3
01:30:14 INFO  : Processor reset is completed for microblaze_3
01:30:19 INFO  : Processor reset is completed for microblaze_2
01:30:23 INFO  : Processor reset is completed for microblaze_1
01:32:58 INFO  : Processor reset is completed for microblaze_1
01:33:03 INFO  : Processor reset is completed for microblaze_2
01:33:08 INFO  : Processor reset is completed for microblaze_3
01:39:51 INFO  : Processor reset is completed for microblaze_3
01:39:55 INFO  : Processor reset is completed for microblaze_2
01:40:00 INFO  : Processor reset is completed for microblaze_1
01:44:30 INFO  : Processor reset is completed for microblaze_1
01:44:33 INFO  : Processor reset is completed for microblaze_2
01:44:36 INFO  : Processor reset is completed for microblaze_3
01:46:12 ERROR : Unexpected error while parsing XMD response ?: com.google.gson.JsonSyntaxException: com.google.gson.stream.MalformedJsonException: invalid number or unquoted string near 
11:56:53 INFO  : Launching XSDB server: xsdb.bat C:/Xilinx/SDK/2015.3/scripts/xsdb/xsdb/xsdb-server.tcl
11:57:02 INFO  : XSDB server has started successfully.
11:57:03 INFO  : Processing command line option -hwspec D:/SEUDProject/XA200T_TMR_GPIO_UART_AXIvoter/XA200T_TMR_GPIO_UART_AXIvoter.sw/design_1_wrapper.hdf.
11:57:04 INFO  : Checking for hwspec changes in the project design_1_wrapper_hw_platform_0.
11:57:05 INFO  : SDK has detected change in the last modified timestamps for source hardware specification file Source:1448362327141,  Project:1448314896654
11:57:05 INFO  : The hardware specification for project 'design_1_wrapper_hw_platform_0' is different from D:/SEUDProject/XA200T_TMR_GPIO_UART_AXIvoter/XA200T_TMR_GPIO_UART_AXIvoter.sw/design_1_wrapper.hdf.
11:57:05 INFO  : Copied contents of D:/SEUDProject/XA200T_TMR_GPIO_UART_AXIvoter/XA200T_TMR_GPIO_UART_AXIvoter.sw/design_1_wrapper.hdf into \design_1_wrapper_hw_platform_0\system.hdf.
11:57:07 INFO  : Synchronizing projects in the workspace with the hardware platform specification changes.
11:57:21 ERROR : (XSDB Server)ERROR: [Hsi 55-1433] Error boost::filesystem::directory_iterator::construct: Access is denied: "C:/Users/M.T.Mohammadat/AppData/Local/Temp\msdtadmin"

11:57:54 ERROR : Failed to call sync_sw_with_hw_change
Reason: ERROR: [Common 17-39] 'hsi::open_sw_design' failed due to earlier errors.

11:57:54 ERROR : Error updating BSP project MSS files.
11:57:56 INFO  : Updating hardware inferred compiler options for BlinkingLED0.
11:57:57 INFO  : Updating hardware inferred compiler options for BlinkingLED1.
11:57:59 INFO  : Updating hardware inferred compiler options for BlinkingLED2.
11:58:00 INFO  : Updating hardware inferred compiler options for HelloSEUDs1.
11:58:02 INFO  : Updating hardware inferred compiler options for HelloSEUDs2.
11:58:04 INFO  : Updating hardware inferred compiler options for HelloSEUDs3.
11:58:04 INFO  : Updating hardware inferred compiler options for PeripheralTestMB1.
11:58:04 INFO  : Clearing existing target manager status.
12:04:38 INFO  : Connected to target on host '127.0.0.1' and port '3121'.
12:04:40 INFO  : 'targets -set -filter {jtag_cable_name =~ "Digilent Nexys Video 210276690158B" && level==0} -index 0' command is executed.
12:04:48 INFO  : FPGA configured successfully with bitstream "D:/SEUDProject/XA200T_TMR_GPIO_UART_AXIvoter/XA200T_TMR_GPIO_UART_AXIvoter.sw/design_1_wrapper_hw_platform_0/download.bit"
12:05:06 INFO  : Processor reset is completed for microblaze_0
12:05:13 INFO  : Processor reset is completed for microblaze_5
12:05:43 INFO  : Processor reset is completed for microblaze_4
12:06:05 INFO  : Processor reset is completed for microblaze_1
12:06:14 INFO  : Processor reset is completed for microblaze_2
12:06:20 INFO  : Processor reset is completed for microblaze_3
19:17:50 INFO  : Connected to target on host '127.0.0.1' and port '3121'.
19:17:50 INFO  : 'targets -set -filter {jtag_cable_name =~ "Digilent Nexys Video 210276690158B" && level==0} -index 0' command is executed.
19:17:57 INFO  : FPGA configured successfully with bitstream "D:/SEUDProject/XA200T_TMR_GPIO_UART_AXIvoter/XA200T_TMR_GPIO_UART_AXIvoter.sw/design_1_wrapper_hw_platform_0/download.bit"
19:25:09 INFO  : Processor reset is completed for microblaze_0
19:25:20 INFO  : Processor reset is completed for microblaze_5
19:25:34 INFO  : Processor reset is completed for microblaze_4
19:46:42 INFO  : Processor reset is completed for microblaze_1
19:46:49 INFO  : Processor reset is completed for microblaze_2
19:47:02 INFO  : Processor reset is completed for microblaze_3
20:59:51 INFO  : Launching XSDB server: xsdb.bat C:/Xilinx/SDK/2015.3/scripts/xsdb/xsdb/xsdb-server.tcl
20:59:55 INFO  : XSDB server has started successfully.
21:00:01 INFO  : Processing command line option -hwspec D:/SEUDProject/XA200T_TMRMBwGPO_TMRMBwUART_ThroughVoter/XA200T_TMRMBwGPO_TMRMBwUART_ThroughVoter.sw/design_1_wrapper.hdf.
21:10:39 WARN  : Unable to obtain port 2350 for use by XMD, java.net.SocketException: Unrecognized Windows Sockets error: 0: JVM_Bind
21:11:42 INFO  : Time out for XMD transaction is 60000
If you want to increase the timeout value, goto Windows-> Preferences -> Xilinx SDK -> XMD Startup
21:11:42 ERROR : Timeout occured while waiting to get reply for command "xfpga_isconfigured -cable type xilinx_tcf url TCP:127.0.0.1:3121 "
21:11:42 ERROR : Checking FPGA configuration failed..
21:11:42 ERROR : Unexpected error while launching program.
com.xilinx.sdk.targetmanager.TMException: 
	at com.xilinx.sdk.targetmanager.internal.TM.isFPGAConfigured(TM.java:374)
	at com.xilinx.sdk.debug.core.XilinxAppLaunchConfigurationDelegate.isFpgaConfigured(XilinxAppLaunchConfigurationDelegate.java:381)
	at com.xilinx.sdk.debug.core.XilinxAppLaunchConfigurationDelegate.launch(XilinxAppLaunchConfigurationDelegate.java:290)
	at com.xilinx.sdk.debug.ui.XilinxAppLaunchDelegateWrapper.launch(XilinxAppLaunchDelegateWrapper.java:31)
	at org.eclipse.debug.internal.core.LaunchConfiguration.launch(LaunchConfiguration.java:858)
	at org.eclipse.debug.internal.core.LaunchConfiguration.launch(LaunchConfiguration.java:707)
	at org.eclipse.debug.internal.ui.DebugUIPlugin.buildAndLaunch(DebugUIPlugin.java:1018)
	at org.eclipse.debug.internal.ui.DebugUIPlugin$8.run(DebugUIPlugin.java:1222)
	at org.eclipse.core.internal.jobs.Worker.run(Worker.java:53)
21:24:02 INFO  : Connected to target on host '127.0.0.1' and port '3121'.
21:28:18 INFO  : 'targets -set -filter {jtag_cable_name =~ "Digilent Nexys Video 210276690158B" && level==0} -index 0' command is executed.
21:28:24 INFO  : FPGA configured successfully with bitstream "D:/SEUDProject/XA200T_TMRMBwGPO_TMRMBwUART_ThroughVoter/XA200T_TMRMBwGPO_TMRMBwUART_ThroughVoter.sw/design_1_wrapper_hw_platform_1/download.bit"
21:29:15 ERROR : Checking FPGA configuration failed..Connection to Board Failed


    Unknown Error Occured
    Cable is not powered-on

21:29:15 ERROR : Unexpected error while launching program.
com.xilinx.sdk.targetmanager.TMException: Connection to Board Failed


    Unknown Error Occured
    Cable is not powered-on

	at com.xilinx.sdk.targetmanager.internal.TM.isFPGAConfigured(TM.java:374)
	at com.xilinx.sdk.debug.core.XilinxAppLaunchConfigurationDelegate.isFpgaConfigured(XilinxAppLaunchConfigurationDelegate.java:381)
	at com.xilinx.sdk.debug.core.XilinxAppLaunchConfigurationDelegate.launch(XilinxAppLaunchConfigurationDelegate.java:290)
	at com.xilinx.sdk.debug.ui.XilinxAppLaunchDelegateWrapper.launch(XilinxAppLaunchDelegateWrapper.java:31)
	at org.eclipse.debug.internal.core.LaunchConfiguration.launch(LaunchConfiguration.java:858)
	at org.eclipse.debug.internal.core.LaunchConfiguration.launch(LaunchConfiguration.java:707)
	at org.eclipse.debug.internal.ui.DebugUIPlugin.buildAndLaunch(DebugUIPlugin.java:1018)
	at org.eclipse.debug.internal.ui.DebugUIPlugin$8.run(DebugUIPlugin.java:1222)
	at org.eclipse.core.internal.jobs.Worker.run(Worker.java:53)
21:29:47 INFO  : Processor reset is completed for microblaze_0
21:29:57 INFO  : Processor reset is completed for microblaze_4
21:30:09 INFO  : Processor reset is completed for microblaze_5
21:30:18 INFO  : Processor reset is completed for microblaze_1
21:30:25 INFO  : Processor reset is completed for microblaze_2
21:30:35 INFO  : Processor reset is completed for microblaze_3
13:32:36 INFO  : Launching XSDB server: xsdb.bat C:/Xilinx/SDK/2015.3/scripts/xsdb/xsdb/xsdb-server.tcl
13:32:50 INFO  : XSDB server has started successfully.
13:37:22 INFO  : Connected to target on host '127.0.0.1' and port '3121'.
13:37:28 INFO  : 'targets -set -filter {jtag_cable_name =~ "Digilent Nexys Video 210276690162B" && level==0} -index 0' command is executed.
13:37:35 INFO  : FPGA configured successfully with bitstream "D:/SEUDProject/XA200T_TMRMBwGPO_TMRMBwUART_ThroughVoter/XA200T_TMRMBwGPO_TMRMBwUART_ThroughVoter.sw/design_1_wrapper_hw_platform_1/download.bit"
13:44:09 INFO  : Processor reset is completed for microblaze_4
13:44:26 INFO  : Processor reset is completed for microblaze_5
13:44:44 INFO  : Processor reset is completed for microblaze_3
13:44:56 INFO  : Processor reset is completed for microblaze_2
15:57:08 ERROR : Unexpected error while parsing XMD response ?: com.google.gson.JsonSyntaxException: com.google.gson.stream.MalformedJsonException: invalid number or unquoted string near 
16:43:28 INFO  : Launching XSDB server: xsdb.bat C:/Xilinx/SDK/2015.3/scripts/xsdb/xsdb/xsdb-server.tcl
16:43:33 INFO  : XSDB server has started successfully.
18:31:03 INFO  : Connected to target on host '127.0.0.1' and port '3121'.
18:31:05 INFO  : 'targets -set -filter {jtag_cable_name =~ "Digilent Nexys Video 210276690158B" && level==0} -index 0' command is executed.
18:31:12 INFO  : FPGA configured successfully with bitstream "D:/SEUDProject/XA200T_TMRMBwGPO_TMRMBwUART_ThroughVoter/XA200T_TMRMBwGPO_TMRMBwUART_ThroughVoter.sw/design_1_wrapper_hw_platform_1/download.bit"
18:35:13 INFO  : Processor reset is completed for microblaze_0
18:35:15 INFO  : Processor reset is completed for microblaze_4
18:35:20 INFO  : Processor reset is completed for microblaze_5
18:35:52 INFO  : Processor reset is completed for microblaze_1
18:35:58 INFO  : Processor reset is completed for microblaze_2
18:36:04 INFO  : Processor reset is completed for microblaze_3
19:12:36 ERROR : Unexpected error while parsing XMD response ?: com.google.gson.JsonSyntaxException: com.google.gson.stream.MalformedJsonException: invalid number or unquoted string near 
20:24:54 INFO  : Launching XSDB server: xsdb.bat C:/Xilinx/SDK/2015.3/scripts/xsdb/xsdb/xsdb-server.tcl
20:24:56 INFO  : XSDB server has started successfully.
20:39:37 INFO  : Connected to target on host '127.0.0.1' and port '3121'.
20:39:39 INFO  : 'targets -set -filter {jtag_cable_name =~ "Digilent Nexys Video 210276690158B" && level==0} -index 0' command is executed.
20:39:46 INFO  : FPGA configured successfully with bitstream "D:/SEUDProject/XA200T_TMRMBwGPO_TMRMBwUART_ThroughVoter/XA200T_TMRMBwGPO_TMRMBwUART_ThroughVoter.sw/design_1_wrapper_hw_platform_1/download.bit"
20:52:10 INFO  : Processor reset is completed for microblaze_0
20:52:18 INFO  : Processor reset is completed for microblaze_4
20:52:56 INFO  : Processor reset is completed for microblaze_1
20:53:08 INFO  : Processor reset is completed for microblaze_2
22:31:18 ERROR : Unexpected error while parsing XMD response ?: com.google.gson.JsonSyntaxException: com.google.gson.stream.MalformedJsonException: invalid number or unquoted string near 
13:11:13 INFO  : Launching XSDB server: xsdb.bat C:/Xilinx/SDK/2015.3/scripts/xsdb/xsdb/xsdb-server.tcl
13:11:20 INFO  : XSDB server has started successfully.
13:15:53 INFO  : Connected to target on host '127.0.0.1' and port '3121'.
13:15:55 INFO  : 'targets -set -filter {jtag_cable_name =~ "Digilent Nexys Video 210276690158B" && level==0} -index 0' command is executed.
13:16:02 INFO  : FPGA configured successfully with bitstream "D:/SEUDProject/XA200T_TMRMBwGPO_TMRMBwUART_ThroughVoter/XA200T_TMRMBwGPO_TMRMBwUART_ThroughVoter.sw/design_1_wrapper_hw_platform_1/download.bit"
13:16:20 INFO  : Processor reset is completed for microblaze_0
13:16:45 INFO  : Processor reset is completed for microblaze_4
13:17:00 INFO  : Processor reset is completed for microblaze_5
13:17:57 INFO  : Processor reset is completed for microblaze_3
13:18:05 INFO  : Processor reset is completed for microblaze_2
13:18:12 INFO  : Processor reset is completed for microblaze_1
17:42:04 ERROR : Unexpected error while parsing XMD response ?: com.google.gson.JsonSyntaxException: com.google.gson.stream.MalformedJsonException: invalid number or unquoted string near 
01:44:23 INFO  : Launching XSDB server: xsdb.bat C:/Xilinx/SDK/2015.4/scripts/xsdb/xsdb/xsdb-server.tcl
01:44:29 INFO  : XSDB server has started successfully.
01:44:37 INFO  : Processing command line option -hwspec D:/SEUDProject/XA200T_TMRMBwGPO_TMRMBwUART_ThroughVoter/XA200T_TMRMBwGPO_TMRMBwUART_ThroughVoter.sw/design_1_wrapper.hdf.
01:44:37 INFO  : Checking for hwspec changes in the project design_1_wrapper_hw_platform_1.
01:44:39 INFO  : SDK has detected change in the last modified timestamps for source hardware specification file Source:1449880775292,  Project:1448394356372
01:44:39 INFO  : The hardware specification for project 'design_1_wrapper_hw_platform_1' is different from D:/SEUDProject/XA200T_TMRMBwGPO_TMRMBwUART_ThroughVoter/XA200T_TMRMBwGPO_TMRMBwUART_ThroughVoter.sw/design_1_wrapper.hdf.
01:44:43 INFO  : Copied contents of D:/SEUDProject/XA200T_TMRMBwGPO_TMRMBwUART_ThroughVoter/XA200T_TMRMBwGPO_TMRMBwUART_ThroughVoter.sw/design_1_wrapper.hdf into \design_1_wrapper_hw_platform_1\system.hdf.
01:44:45 INFO  : Synchronizing projects in the workspace with the hardware platform specification changes.
01:45:04 ERROR : (XSDB Server)ERROR: [Hsi 55-1433] Error boost::filesystem::directory_iterator::construct: Access is denied: "C:/Users/M.T.Mohammadat/AppData/Local/Temp\msdtadmin"

01:46:14 ERROR : Failed to call sync_sw_with_hw_change
Reason: ERROR: [Common 17-39] 'hsi::open_sw_design' failed due to earlier errors.

01:46:14 ERROR : Error updating BSP project MSS files.
01:46:16 INFO  : Updating hardware inferred compiler options for LED1.
01:46:18 INFO  : Updating hardware inferred compiler options for LED2.
01:46:19 INFO  : Updating hardware inferred compiler options for LED3.
01:46:21 INFO  : Updating hardware inferred compiler options for CounterUARTPrint1.
01:46:22 INFO  : Updating hardware inferred compiler options for UARTPrint1.
01:46:23 INFO  : Updating hardware inferred compiler options for CounterUARTPrint2.
01:46:24 INFO  : Updating hardware inferred compiler options for UARTPrint2.
01:46:26 INFO  : Updating hardware inferred compiler options for CounterUARTPrint3.
01:46:27 INFO  : Updating hardware inferred compiler options for UARTPrint3.
01:46:27 INFO  : Clearing existing target manager status.
01:46:29 INFO  : Workspace synchronized with the new hardware specification file. Cleaning dependent projects...
01:46:37 WARN  : Linker script will not be updated automatically. Users need to update it manually.
01:50:52 INFO  : Connected to target on host '127.0.0.1' and port '3121'.
01:50:55 INFO  : 'targets -set -filter {jtag_cable_name =~ "Digilent Nexys Video 210276690158B" && level==0} -index 0' command is executed.
01:51:02 INFO  : FPGA configured successfully with bitstream "D:/SEUDProject/XA200T_TMRMBwGPO_TMRMBwUART_ThroughVoter/XA200T_TMRMBwGPO_TMRMBwUART_ThroughVoter.sw/design_1_wrapper_hw_platform_1/download.bit"
01:51:37 INFO  : Processor reset is completed for microblaze_1
01:51:44 INFO  : Processor reset is completed for microblaze_2
01:51:50 INFO  : Processor reset is completed for microblaze_3
01:51:58 INFO  : Processor reset is completed for microblaze_5
01:52:03 INFO  : Processor reset is completed for microblaze_4
01:52:48 INFO  : Processor reset is completed for microblaze_0
05:13:29 INFO  : Connected to target on host '127.0.0.1' and port '3121'.
05:13:29 INFO  : 'targets -set -filter {jtag_cable_name =~ "Digilent Nexys Video 210276690158B" && level==0} -index 0' command is executed.
05:13:35 INFO  : FPGA configured successfully with bitstream "D:/SEUDProject/XA200T_TMRMBwGPO_TMRMBwUART_ThroughVoter/XA200T_TMRMBwGPO_TMRMBwUART_ThroughVoter.sw/design_1_wrapper_hw_platform_1/download.bit"
05:13:55 INFO  : Processor reset is completed for microblaze_0
05:14:02 INFO  : Processor reset is completed for microblaze_4
05:14:10 INFO  : Processor reset is completed for microblaze_5
05:58:50 INFO  : SDK has detected change in the last modified timestamps for source hardware specification file Source:1449895957256,  Project:1449880775292
05:58:50 INFO  : Project design_1_wrapper_hw_platform_1's source hardware specification located at D:/SEUDProject/XA200T_TMRMBwGPO_TMRMBwUART_ThroughVoter/XA200T_TMRMBwGPO_TMRMBwUART_ThroughVoter.sw/design_1_wrapper.hdf is now different from the local copy.
		 The local copy will be replaced with the source specification and your workspace will be updated.
05:59:05 INFO  : Copied contents of D:/SEUDProject/XA200T_TMRMBwGPO_TMRMBwUART_ThroughVoter/XA200T_TMRMBwGPO_TMRMBwUART_ThroughVoter.sw/design_1_wrapper.hdf into \design_1_wrapper_hw_platform_1\system.hdf.
05:59:19 INFO  : Synchronizing projects in the workspace with the hardware platform specification changes.
05:59:25 ERROR : (XSDB Server)ERROR: [Hsi 55-1433] Error boost::filesystem::directory_iterator::construct: Access is denied: "C:/Users/M.T.Mohammadat/AppData/Local/Temp\msdtadmin"

05:59:33 ERROR : Failed to call sync_sw_with_hw_change
Reason: ERROR: [Common 17-39] 'hsi::open_sw_design' failed due to earlier errors.

05:59:33 ERROR : Error updating BSP project MSS files.
05:59:35 INFO  : Updating hardware inferred compiler options for LED1.
05:59:36 INFO  : Updating hardware inferred compiler options for LED2.
05:59:38 INFO  : Updating hardware inferred compiler options for LED3.
05:59:39 INFO  : Updating hardware inferred compiler options for CounterUARTPrint1.
05:59:40 INFO  : Updating hardware inferred compiler options for UARTPrint1.
05:59:41 INFO  : Updating hardware inferred compiler options for CounterUARTPrint2.
05:59:42 INFO  : Updating hardware inferred compiler options for UARTPrint2.
05:59:44 INFO  : Updating hardware inferred compiler options for CounterUARTPrint3.
05:59:45 INFO  : Updating hardware inferred compiler options for UARTPrint3.
05:59:45 INFO  : Clearing existing target manager status.
05:59:45 INFO  : Workspace synchronized with the new hardware specification file. Cleaning dependent projects...
05:59:49 WARN  : Linker script will not be updated automatically. Users need to update it manually.
06:00:35 ERROR : (XSDB Server)ERROR: [Hsi 55-1558] Software Design system system is not found

06:00:35 ERROR :  [Common 17-39] 'hsi::current_sw_design' failed due to earlier errors.
06:00:35 ERROR : (XSDB Server)ERROR: [Hsi 55-1558] Software Design system system is not found

06:00:36 INFO  : Unable to read in MSS file D:\SEUDProject\XA200T_TMRMBwGPO_TMRMBwUART_ThroughVoter\XA200T_TMRMBwGPO_TMRMBwUART_ThroughVoter.sw\LED1_bsp\system.mss : null
06:00:36 ERROR : (XSDB Server)ERROR: [Hsi 55-1558] Software Design system system is not found

06:00:36 ERROR : (XSDB Server)ERROR: [Hsi 55-1558] Software Design system system is not found

06:00:36 ERROR : Failed to get_connected_periphs
Reason: ERROR: [Common 17-55] 'get_property' expects at least one object.
Resolution: If [get_<value>] was used to populate the object, check to make sure this command returns at least one valid object.

06:00:45 ERROR : (XSDB Server)ERROR: [Hsi 55-1558] Software Design system system is not found

06:00:45 ERROR :  [Common 17-39] 'hsi::current_sw_design' failed due to earlier errors.
06:00:45 ERROR : (XSDB Server)ERROR: [Hsi 55-1558] Software Design system system is not found

06:00:45 INFO  : Unable to read in MSS file D:\SEUDProject\XA200T_TMRMBwGPO_TMRMBwUART_ThroughVoter\XA200T_TMRMBwGPO_TMRMBwUART_ThroughVoter.sw\LED1_bsp\system.mss : null
06:00:45 ERROR : (XSDB Server)ERROR: [Hsi 55-1558] Software Design system system is not found

06:00:46 ERROR : (XSDB Server)ERROR: [Hsi 55-1558] Software Design system system is not found

06:00:47 ERROR : (XSDB Server)ERROR: [Hsi 55-1558] Software Design system system is not found

06:00:47 ERROR :  [Common 17-39] 'hsi::current_sw_design' failed due to earlier errors.
06:00:47 ERROR : (XSDB Server)ERROR: [Hsi 55-1558] Software Design system system is not found

06:00:47 INFO  : Unable to read in MSS file D:\SEUDProject\XA200T_TMRMBwGPO_TMRMBwUART_ThroughVoter\XA200T_TMRMBwGPO_TMRMBwUART_ThroughVoter.sw\LED1_bsp\system.mss : null
06:00:47 ERROR : (XSDB Server)ERROR: [Hsi 55-1558] Software Design system system is not found

06:00:53 ERROR : (XSDB Server)ERROR: [Hsi 55-1558] Software Design system system is not found

06:00:53 ERROR :  [Common 17-39] 'hsi::current_sw_design' failed due to earlier errors.
06:00:53 ERROR : (XSDB Server)ERROR: [Hsi 55-1558] Software Design system system is not found

06:00:53 INFO  : Unable to read in MSS file D:\SEUDProject\XA200T_TMRMBwGPO_TMRMBwUART_ThroughVoter\XA200T_TMRMBwGPO_TMRMBwUART_ThroughVoter.sw\LED1_bsp\system.mss : null
06:00:53 ERROR : Unexpected error occurred during generating bsp sources
java.lang.reflect.InvocationTargetException
	at org.eclipse.jface.operation.ModalContext.run(ModalContext.java:421)
	at org.eclipse.jface.dialogs.ProgressMonitorDialog.run(ProgressMonitorDialog.java:507)
	at org.eclipse.ui.internal.progress.ProgressMonitorJobsDialog.run(ProgressMonitorJobsDialog.java:275)
	at org.eclipse.ui.internal.progress.ProgressManager$3.run(ProgressManager.java:960)
	at org.eclipse.swt.custom.BusyIndicator.showWhile(BusyIndicator.java:70)
	at org.eclipse.ui.internal.progress.ProgressManager.busyCursorWhile(ProgressManager.java:995)
	at org.eclipse.ui.internal.progress.ProgressManager.busyCursorWhile(ProgressManager.java:970)
	at org.eclipse.ui.internal.progress.ProgressManager.run(ProgressManager.java:1166)
	at com.xilinx.sdk.sw.ui.handlers.RegenBspSourcesHandler.execute(RegenBspSourcesHandler.java:124)
	at com.xilinx.sdk.sw.ui.internal.editors.MSSViewer$2.widgetSelected(MSSViewer.java:171)
	at org.eclipse.swt.widgets.TypedListener.handleEvent(TypedListener.java:248)
	at org.eclipse.swt.widgets.EventTable.sendEvent(EventTable.java:84)
	at org.eclipse.swt.widgets.Widget.sendEvent(Widget.java:1057)
	at org.eclipse.swt.widgets.Display.runDeferredEvents(Display.java:4170)
	at org.eclipse.swt.widgets.Display.readAndDispatch(Display.java:3759)
	at org.eclipse.e4.ui.internal.workbench.swt.PartRenderingEngine$9.run(PartRenderingEngine.java:1113)
	at org.eclipse.core.databinding.observable.Realm.runWithDefault(Realm.java:332)
	at org.eclipse.e4.ui.internal.workbench.swt.PartRenderingEngine.run(PartRenderingEngine.java:997)
	at org.eclipse.e4.ui.internal.workbench.E4Workbench.createAndRunUI(E4Workbench.java:140)
	at org.eclipse.ui.internal.Workbench$5.run(Workbench.java:611)
	at org.eclipse.core.databinding.observable.Realm.runWithDefault(Realm.java:332)
	at org.eclipse.ui.internal.Workbench.createAndRunWorkbench(Workbench.java:567)
	at org.eclipse.ui.PlatformUI.createAndRunWorkbench(PlatformUI.java:150)
	at org.eclipse.ui.internal.ide.application.IDEApplication.start(IDEApplication.java:124)
	at org.eclipse.equinox.internal.app.EclipseAppHandle.run(EclipseAppHandle.java:196)
	at org.eclipse.core.runtime.internal.adaptor.EclipseAppLauncher.runApplication(EclipseAppLauncher.java:110)
	at org.eclipse.core.runtime.internal.adaptor.EclipseAppLauncher.start(EclipseAppLauncher.java:79)
	at org.eclipse.core.runtime.adaptor.EclipseStarter.run(EclipseStarter.java:354)
	at org.eclipse.core.runtime.adaptor.EclipseStarter.run(EclipseStarter.java:181)
	at sun.reflect.NativeMethodAccessorImpl.invoke0(Native Method)
	at sun.reflect.NativeMethodAccessorImpl.invoke(NativeMethodAccessorImpl.java:62)
	at sun.reflect.DelegatingMethodAccessorImpl.invoke(DelegatingMethodAccessorImpl.java:43)
	at java.lang.reflect.Method.invoke(Method.java:497)
	at org.eclipse.equinox.launcher.Main.invokeFramework(Main.java:636)
	at org.eclipse.equinox.launcher.Main.basicRun(Main.java:591)
	at org.eclipse.equinox.launcher.Main.run(Main.java:1450)
Caused by: java.lang.IllegalArgumentException: Path must include project and resource name: /LED1_bsp
	at org.eclipse.core.runtime.Assert.isLegal(Assert.java:63)
	at org.eclipse.core.internal.resources.Workspace.newResource(Workspace.java:2164)
	at org.eclipse.core.internal.resources.Container.getFolder(Container.java:215)
	at com.xilinx.sdk.sw.ui.handlers.RegenBspSourcesHandler.internalGenerateBsp(RegenBspSourcesHandler.java:169)
	at com.xilinx.sdk.sw.ui.handlers.RegenBspSourcesHandler.access$2(RegenBspSourcesHandler.java:163)
	at com.xilinx.sdk.sw.ui.handlers.RegenBspSourcesHandler$1$1.run(RegenBspSourcesHandler.java:131)
	at org.eclipse.core.internal.resources.Workspace.run(Workspace.java:2345)
	at com.xilinx.sdk.sw.ui.handlers.RegenBspSourcesHandler$1.run(RegenBspSourcesHandler.java:135)
	at org.eclipse.jface.operation.ModalContext$ModalContextThread.run(ModalContext.java:121)
06:01:02 ERROR : (XSDB Server)ERROR: [Hsi 55-1558] Software Design system system is not found

06:01:02 ERROR :  [Common 17-39] 'hsi::current_sw_design' failed due to earlier errors.
06:01:02 ERROR : (XSDB Server)ERROR: [Hsi 55-1558] Software Design system system is not found

06:01:02 INFO  : Unable to read in MSS file D:\SEUDProject\XA200T_TMRMBwGPO_TMRMBwUART_ThroughVoter\XA200T_TMRMBwGPO_TMRMBwUART_ThroughVoter.sw\LED1_bsp\system.mss : null
06:02:10 ERROR : (XSDB Server)ERROR: [Hsi 55-1558] Software Design system system is not found

06:02:10 ERROR : Failed to call write_mss 
Reason: ERROR: [Common 17-39] 'hsi::current_sw_design' failed due to earlier errors.

06:02:23 ERROR : Failed to call write_mss 
Reason: ERROR: [Common 17-176] Overwrite of existing file isn't enabled.  Please specify -force to overwrite file  [D:/SEUDProject/XA200T_TMRMBwGPO_TMRMBwUART_ThroughVoter/XA200T_TMRMBwGPO_TMRMBwUART_ThroughVoter.sw/LED1_bsp/system.mss]

06:04:46 ERROR : (XSDB Server)ERROR: [Hsi 55-1558] Software Design system system is not found

06:04:46 ERROR : Failed to call write_mss 
Reason: ERROR: [Common 17-39] 'hsi::current_sw_design' failed due to earlier errors.

06:04:48 ERROR : The Hardware Project referenced by this BSP (LED1_bsp) was not found in this workspace. As a result, this BSP will not build properly. To fix this error, please import the associated hardware project or recreate a new BSP targeting an existing hardware platform.
06:06:59 ERROR : Unexpected error while parsing XMD response ?: com.google.gson.JsonSyntaxException: com.google.gson.stream.MalformedJsonException: invalid number or unquoted string near 
06:07:52 INFO  : Launching XSDB server: xsdb.bat C:/Xilinx/SDK/2015.4/scripts/xsdb/xsdb/xsdb-server.tcl
06:07:55 INFO  : XSDB server has started successfully.
06:07:59 INFO  : Processing command line option -hwspec D:/SEUDProject/XA200T_TMRMBwGPO_TMRMBwUART_ThroughVoter/XA200T_TMRMBwGPO_TMRMBwUART_ThroughVoter.sw/design_1_wrapper.hdf.
06:09:40 INFO  : Refreshed build settings on project CounterUARTPrint1
06:09:41 INFO  : Refreshed build settings on project UARTPrint1
06:10:39 INFO  : Refreshed build settings on project CounterUARTPrint2
06:10:40 INFO  : Refreshed build settings on project UARTPrint2
06:11:22 INFO  : Refreshed build settings on project CounterUARTPrint3
06:11:23 INFO  : Refreshed build settings on project UARTPrint3
06:14:09 INFO  : Connected to target on host '127.0.0.1' and port '3121'.
06:14:14 INFO  : 'targets -set -filter {jtag_cable_name =~ "Digilent Nexys Video 210276690158B" && level==0} -index 0' command is executed.
06:14:22 INFO  : FPGA configured successfully with bitstream "D:/SEUDProject/XA200T_TMRMBwGPO_TMRMBwUART_ThroughVoter/XA200T_TMRMBwGPO_TMRMBwUART_ThroughVoter.sw/design_1_wrapper_hw_platform_0/download.bit"
06:21:11 WARN  : Hardware Project 'design_1_wrapper_hw_platform_1' referenced by launch configuration 'LED1.elf' doesn't exist in the workspace.
06:24:02 INFO  : Refreshed build settings on project LED1
06:24:45 INFO  : Refreshed build settings on project LED2
06:25:19 INFO  : Refreshed build settings on project LED3
06:26:03 INFO  : Processor reset is completed for microblaze_1
06:26:18 INFO  : Processor reset is completed for microblaze_2
06:26:32 INFO  : Processor reset is completed for microblaze_3
06:26:42 INFO  : Processor reset is completed for microblaze_0
06:26:52 INFO  : Processor reset is completed for microblaze_4
06:27:09 INFO  : Processor reset is completed for microblaze_5
07:01:11 INFO  : Processor reset is completed for microblaze_1
07:01:22 INFO  : Processor reset is completed for microblaze_2
07:01:39 INFO  : Processor reset is completed for microblaze_3
07:25:39 ERROR : Unexpected error while parsing XMD response ?: com.google.gson.JsonSyntaxException: com.google.gson.stream.MalformedJsonException: invalid number or unquoted string near 
07:35:34 INFO  : Launching XSDB server: xsdb.bat C:/Xilinx/SDK/2015.4/scripts/xsdb/xsdb/xsdb-server.tcl
07:35:36 INFO  : XSDB server has started successfully.
07:35:37 INFO  : Processing command line option -hwspec D:/SEUDProject/XA200T_TMRMBwGPO_TMRMBwUART_ThroughVoter/XA200T_TMRMBwGPO_TMRMBwUART_ThroughVoter.sw/design_1_wrapper.hdf.
07:35:37 INFO  : Checking for hwspec changes in the project design_1_wrapper_hw_platform_0.
07:35:38 INFO  : SDK has detected change in the last modified timestamps for source hardware specification file Source:1449902088976,  Project:1449895957256
07:35:38 INFO  : The hardware specification for project 'design_1_wrapper_hw_platform_0' is different from D:/SEUDProject/XA200T_TMRMBwGPO_TMRMBwUART_ThroughVoter/XA200T_TMRMBwGPO_TMRMBwUART_ThroughVoter.sw/design_1_wrapper.hdf.
07:35:38 INFO  : Copied contents of D:/SEUDProject/XA200T_TMRMBwGPO_TMRMBwUART_ThroughVoter/XA200T_TMRMBwGPO_TMRMBwUART_ThroughVoter.sw/design_1_wrapper.hdf into \design_1_wrapper_hw_platform_0\system.hdf.
07:35:40 INFO  : Synchronizing projects in the workspace with the hardware platform specification changes.
07:35:46 ERROR : (XSDB Server)ERROR: [Hsi 55-1433] Error boost::filesystem::directory_iterator::construct: Access is denied: "C:/Users/M.T.Mohammadat/AppData/Local/Temp\msdtadmin"

07:35:56 ERROR : Failed to call sync_sw_with_hw_change
Reason: ERROR: [Common 17-39] 'hsi::open_sw_design' failed due to earlier errors.

07:35:56 ERROR : Error updating BSP project MSS files.
07:35:57 INFO  : Updating hardware inferred compiler options for LED1.
07:35:59 INFO  : Updating hardware inferred compiler options for LED2.
07:36:00 INFO  : Updating hardware inferred compiler options for LED3.
07:36:02 INFO  : Updating hardware inferred compiler options for BlinkingLED1.
07:36:03 INFO  : Updating hardware inferred compiler options for CounterUARTPrint1.
07:36:04 INFO  : Updating hardware inferred compiler options for UARTPrint1.
07:36:05 INFO  : Updating hardware inferred compiler options for BlinkingLED2.
07:36:06 INFO  : Updating hardware inferred compiler options for CounterUARTPrint2.
07:36:07 INFO  : Updating hardware inferred compiler options for UARTPrint2.
07:36:08 INFO  : Updating hardware inferred compiler options for BlinkingLED3.
07:36:09 INFO  : Updating hardware inferred compiler options for CounterUARTPrint3.
07:36:10 INFO  : Updating hardware inferred compiler options for UARTPrint3.
07:36:10 INFO  : Clearing existing target manager status.
07:36:11 INFO  : Workspace synchronized with the new hardware specification file. Cleaning dependent projects...
07:36:14 WARN  : Linker script will not be updated automatically. Users need to update it manually.
07:43:09 ERROR : (XSDB Server)ERROR: [Hsi 55-1558] Software Design system system is not found

07:43:09 ERROR :  [Common 17-39] 'hsi::current_sw_design' failed due to earlier errors.
07:43:09 ERROR : (XSDB Server)ERROR: [Hsi 55-1558] Software Design system system is not found

07:43:10 INFO  : Unable to read in MSS file D:\SEUDProject\XA200T_TMRMBwGPO_TMRMBwUART_ThroughVoter\XA200T_TMRMBwGPO_TMRMBwUART_ThroughVoter.sw\LED1_bsp\system.mss : null
07:43:10 ERROR : (XSDB Server)ERROR: [Hsi 55-1558] Software Design system system is not found

07:43:10 ERROR : (XSDB Server)ERROR: [Hsi 55-1558] Software Design system system is not found

07:43:10 ERROR : Failed to get_connected_periphs
Reason: ERROR: [Common 17-55] 'get_property' expects at least one object.
Resolution: If [get_<value>] was used to populate the object, check to make sure this command returns at least one valid object.

07:43:42 ERROR : (XSDB Server)ERROR: [Hsi 55-1558] Software Design system system is not found

07:43:42 ERROR : Failed to call write_mss 
Reason: ERROR: [Common 17-39] 'hsi::current_sw_design' failed due to earlier errors.

07:43:44 ERROR : The Hardware Project referenced by this BSP (LED1_bsp) was not found in this workspace. As a result, this BSP will not build properly. To fix this error, please import the associated hardware project or recreate a new BSP targeting an existing hardware platform.
07:44:02 ERROR : Unexpected error while parsing XMD response ?: com.google.gson.JsonSyntaxException: com.google.gson.stream.MalformedJsonException: invalid number or unquoted string near 
07:46:08 INFO  : Launching XSDB server: xsdb.bat C:/Xilinx/SDK/2015.4/scripts/xsdb/xsdb/xsdb-server.tcl
07:46:10 INFO  : XSDB server has started successfully.
07:46:10 INFO  : Processing command line option -hwspec D:/SEUDProject/XA200T_TMRMBwGPO_TMRMBwUART_ThroughVoter/XA200T_TMRMBwGPO_TMRMBwUART_ThroughVoter.sw/design_1_wrapper.hdf.
07:46:11 INFO  : Checking for hwspec changes in the project design_1_wrapper_hw_platform_0.
07:47:37 INFO  : Refreshed build settings on project LED1
07:48:19 INFO  : Refreshed build settings on project LED2
07:49:43 INFO  : Refreshed build settings on project LED3
07:50:31 INFO  : Refreshed build settings on project BlinkingLED1
07:50:32 INFO  : Refreshed build settings on project CounterUARTPrint1
07:50:33 INFO  : Refreshed build settings on project UARTPrint1
07:51:18 INFO  : Refreshed build settings on project BlinkingLED2
07:51:19 INFO  : Refreshed build settings on project CounterUARTPrint2
07:51:19 INFO  : Refreshed build settings on project UARTPrint2
07:51:58 INFO  : Refreshed build settings on project BlinkingLED3
07:51:59 INFO  : Refreshed build settings on project CounterUARTPrint3
07:51:59 INFO  : Refreshed build settings on project UARTPrint3
08:07:16 INFO  : Connected to target on host '127.0.0.1' and port '3121'.
08:07:18 INFO  : 'targets -set -filter {jtag_cable_name =~ "Digilent Nexys Video 210276690158B" && level==0} -index 0' command is executed.
08:07:25 INFO  : FPGA configured successfully with bitstream "D:/SEUDProject/XA200T_TMRMBwGPO_TMRMBwUART_ThroughVoter/XA200T_TMRMBwGPO_TMRMBwUART_ThroughVoter.sw/design_1_wrapper_hw_platform_0/download.bit"
08:09:26 INFO  : Processor reset is completed for microblaze_0
08:09:37 INFO  : Processor reset is completed for microblaze_4
08:09:51 INFO  : Processor reset is completed for microblaze_5
08:10:12 INFO  : Processor reset is completed for microblaze_1
08:10:25 INFO  : Processor reset is completed for microblaze_2
08:10:35 INFO  : Processor reset is completed for microblaze_3
08:12:20 ERROR : Unexpected error while parsing XMD response ?: com.google.gson.JsonSyntaxException: com.google.gson.stream.MalformedJsonException: invalid number or unquoted string near 
10:49:33 INFO  : Launching XSDB server: xsdb.bat C:/Xilinx/SDK/2015.4/scripts/xsdb/xsdb/xsdb-server.tcl
10:49:35 INFO  : XSDB server has started successfully.
10:49:41 INFO  : Processing command line option -hwspec D:/SEUDProject/XA200T_TMRMBwGPO_TMRMBwUART_ThroughVoter/XA200T_TMRMBwGPO_TMRMBwUART_ThroughVoter.sw/design_1_wrapper.hdf.
10:49:43 INFO  : Checking for hwspec changes in the project design_1_wrapper_hw_platform_0.
10:49:43 INFO  : SDK has detected change in the last modified timestamps for source hardware specification file Source:1449913712088,  Project:1449902088976
10:49:43 INFO  : The hardware specification for project 'design_1_wrapper_hw_platform_0' is different from D:/SEUDProject/XA200T_TMRMBwGPO_TMRMBwUART_ThroughVoter/XA200T_TMRMBwGPO_TMRMBwUART_ThroughVoter.sw/design_1_wrapper.hdf.
10:49:44 INFO  : Copied contents of D:/SEUDProject/XA200T_TMRMBwGPO_TMRMBwUART_ThroughVoter/XA200T_TMRMBwGPO_TMRMBwUART_ThroughVoter.sw/design_1_wrapper.hdf into \design_1_wrapper_hw_platform_0\system.hdf.
10:49:46 INFO  : Synchronizing projects in the workspace with the hardware platform specification changes.
10:49:51 ERROR : (XSDB Server)ERROR: [Hsi 55-1433] Error boost::filesystem::directory_iterator::construct: Access is denied: "C:/Users/M.T.Mohammadat/AppData/Local/Temp\msdtadmin"

10:49:59 ERROR : Failed to call sync_sw_with_hw_change
Reason: ERROR: [Common 17-39] 'hsi::open_sw_design' failed due to earlier errors.

10:49:59 ERROR : Error updating BSP project MSS files.
10:50:01 INFO  : Updating hardware inferred compiler options for LED1.
10:50:03 INFO  : Updating hardware inferred compiler options for LED2.
10:50:04 INFO  : Updating hardware inferred compiler options for LED3.
10:50:06 INFO  : Updating hardware inferred compiler options for BlinkingLED1.
10:50:07 INFO  : Updating hardware inferred compiler options for CounterUARTPrint1.
10:50:08 INFO  : Updating hardware inferred compiler options for UARTPrint1.
10:50:09 INFO  : Updating hardware inferred compiler options for BlinkingLED2.
10:50:10 INFO  : Updating hardware inferred compiler options for CounterUARTPrint2.
10:50:11 INFO  : Updating hardware inferred compiler options for UARTPrint2.
10:50:12 INFO  : Updating hardware inferred compiler options for BlinkingLED3.
10:50:13 INFO  : Updating hardware inferred compiler options for CounterUARTPrint3.
10:50:14 INFO  : Updating hardware inferred compiler options for UARTPrint3.
10:50:14 INFO  : Clearing existing target manager status.
10:51:42 ERROR : (XSDB Server)ERROR: [Hsi 55-1558] Software Design system system is not found

10:51:42 ERROR :  [Common 17-39] 'hsi::current_sw_design' failed due to earlier errors.
10:51:42 ERROR : (XSDB Server)ERROR: [Hsi 55-1558] Software Design system system is not found

10:51:42 INFO  : Unable to read in MSS file D:\SEUDProject\XA200T_TMRMBwGPO_TMRMBwUART_ThroughVoter\XA200T_TMRMBwGPO_TMRMBwUART_ThroughVoter.sw\LED1_bsp\system.mss : null
10:51:42 ERROR : (XSDB Server)ERROR: [Hsi 55-1558] Software Design system system is not found

10:51:42 ERROR : (XSDB Server)ERROR: [Hsi 55-1558] Software Design system system is not found

10:51:42 ERROR : Failed to get_connected_periphs
Reason: ERROR: [Common 17-55] 'get_property' expects at least one object.
Resolution: If [get_<value>] was used to populate the object, check to make sure this command returns at least one valid object.

10:52:26 ERROR : (XSDB Server)ERROR: [Hsi 55-1558] Software Design system system is not found

10:52:26 ERROR : Failed to call write_mss 
Reason: ERROR: [Common 17-39] 'hsi::current_sw_design' failed due to earlier errors.

10:52:29 ERROR : The Hardware Project referenced by this BSP (LED1_bsp) was not found in this workspace. As a result, this BSP will not build properly. To fix this error, please import the associated hardware project or recreate a new BSP targeting an existing hardware platform.
10:52:38 ERROR : Unexpected error while parsing XMD response ?: com.google.gson.JsonSyntaxException: com.google.gson.stream.MalformedJsonException: invalid number or unquoted string near 
10:52:56 INFO  : Launching XSDB server: xsdb.bat C:/Xilinx/SDK/2015.4/scripts/xsdb/xsdb/xsdb-server.tcl
10:52:57 INFO  : XSDB server has started successfully.
10:53:01 INFO  : Processing command line option -hwspec D:/SEUDProject/XA200T_TMRMBwGPO_TMRMBwUART_ThroughVoter/XA200T_TMRMBwGPO_TMRMBwUART_ThroughVoter.sw/design_1_wrapper.hdf.
10:53:02 INFO  : Checking for hwspec changes in the project design_1_wrapper_hw_platform_0.
10:54:00 INFO  : Refreshed build settings on project LED1
10:54:53 INFO  : Refreshed build settings on project LED2
10:55:53 INFO  : Refreshed build settings on project LED3
10:57:31 INFO  : Refreshed build settings on project BlinkingLED1
10:57:31 INFO  : Refreshed build settings on project CounterUARTPrint1
10:57:32 INFO  : Refreshed build settings on project UARTPrint1
10:58:18 INFO  : Refreshed build settings on project BlinkingLED2
10:58:19 INFO  : Refreshed build settings on project CounterUARTPrint2
10:58:20 INFO  : Refreshed build settings on project UARTPrint2
10:58:57 INFO  : Refreshed build settings on project BlinkingLED3
10:58:58 INFO  : Refreshed build settings on project CounterUARTPrint3
10:58:58 INFO  : Refreshed build settings on project UARTPrint3
11:04:05 INFO  : Connected to target on host '127.0.0.1' and port '3121'.
11:04:09 INFO  : 'targets -set -filter {jtag_cable_name =~ "Digilent Nexys Video 210276690158B" && level==0} -index 0' command is executed.
11:04:16 INFO  : FPGA configured successfully with bitstream "D:/SEUDProject/XA200T_TMRMBwGPO_TMRMBwUART_ThroughVoter/XA200T_TMRMBwGPO_TMRMBwUART_ThroughVoter.sw/design_1_wrapper_hw_platform_0/download.bit"
11:06:08 ERROR : Unexpected error while launching program.
com.xilinx.sdk.targetmanager.TMException: MicroBlaze is under RESET. Check if the Reset input to MicroBlaze and its Bus Interfaces are connected properly
    UNABLE to STOP MicroBlaze

	at com.xilinx.sdk.targetmanager.internal.TM.connectToProcessor(TM.java:484)
	at com.xilinx.sdk.debug.core.XilinxAppLaunchConfigurationDelegate.runTargetSetup(XilinxAppLaunchConfigurationDelegate.java:451)
	at com.xilinx.sdk.debug.core.XilinxAppLaunchConfigurationDelegate.runApplication(XilinxAppLaunchConfigurationDelegate.java:616)
	at com.xilinx.sdk.debug.core.XilinxAppLaunchConfigurationDelegate.launch(XilinxAppLaunchConfigurationDelegate.java:309)
	at com.xilinx.sdk.debug.ui.XilinxAppLaunchDelegateWrapper.launch(XilinxAppLaunchDelegateWrapper.java:31)
	at org.eclipse.debug.internal.core.LaunchConfiguration.launch(LaunchConfiguration.java:858)
	at org.eclipse.debug.internal.core.LaunchConfiguration.launch(LaunchConfiguration.java:707)
	at org.eclipse.debug.internal.ui.DebugUIPlugin.buildAndLaunch(DebugUIPlugin.java:1018)
	at org.eclipse.debug.internal.ui.DebugUIPlugin$8.run(DebugUIPlugin.java:1222)
	at org.eclipse.core.internal.jobs.Worker.run(Worker.java:53)
11:07:01 ERROR : Unexpected error while launching program.
com.xilinx.sdk.targetmanager.TMException: MicroBlaze is under RESET. Check if the Reset input to MicroBlaze and its Bus Interfaces are connected properly
    UNABLE to STOP MicroBlaze

	at com.xilinx.sdk.targetmanager.internal.TM.connectToProcessor(TM.java:484)
	at com.xilinx.sdk.debug.core.XilinxAppLaunchConfigurationDelegate.runTargetSetup(XilinxAppLaunchConfigurationDelegate.java:451)
	at com.xilinx.sdk.debug.core.XilinxAppLaunchConfigurationDelegate.runApplication(XilinxAppLaunchConfigurationDelegate.java:616)
	at com.xilinx.sdk.debug.core.XilinxAppLaunchConfigurationDelegate.launch(XilinxAppLaunchConfigurationDelegate.java:309)
	at com.xilinx.sdk.debug.ui.XilinxAppLaunchDelegateWrapper.launch(XilinxAppLaunchDelegateWrapper.java:31)
	at org.eclipse.debug.internal.core.LaunchConfiguration.launch(LaunchConfiguration.java:858)
	at org.eclipse.debug.internal.core.LaunchConfiguration.launch(LaunchConfiguration.java:707)
	at org.eclipse.debug.internal.ui.DebugUIPlugin.buildAndLaunch(DebugUIPlugin.java:1018)
	at org.eclipse.debug.internal.ui.DebugUIPlugin$8.run(DebugUIPlugin.java:1222)
	at org.eclipse.core.internal.jobs.Worker.run(Worker.java:53)
11:07:34 ERROR : Unexpected error while launching program.
com.xilinx.sdk.targetmanager.TMException: MicroBlaze is under RESET. Check if the Reset input to MicroBlaze and its Bus Interfaces are connected properly
    UNABLE to STOP MicroBlaze

	at com.xilinx.sdk.targetmanager.internal.TM.connectToProcessor(TM.java:484)
	at com.xilinx.sdk.debug.core.XilinxAppLaunchConfigurationDelegate.runTargetSetup(XilinxAppLaunchConfigurationDelegate.java:451)
	at com.xilinx.sdk.debug.core.XilinxAppLaunchConfigurationDelegate.runApplication(XilinxAppLaunchConfigurationDelegate.java:616)
	at com.xilinx.sdk.debug.core.XilinxAppLaunchConfigurationDelegate.launch(XilinxAppLaunchConfigurationDelegate.java:309)
	at com.xilinx.sdk.debug.ui.XilinxAppLaunchDelegateWrapper.launch(XilinxAppLaunchDelegateWrapper.java:31)
	at org.eclipse.debug.internal.core.LaunchConfiguration.launch(LaunchConfiguration.java:858)
	at org.eclipse.debug.internal.core.LaunchConfiguration.launch(LaunchConfiguration.java:707)
	at org.eclipse.debug.internal.ui.DebugUIPlugin.buildAndLaunch(DebugUIPlugin.java:1018)
	at org.eclipse.debug.internal.ui.DebugUIPlugin$8.run(DebugUIPlugin.java:1222)
	at org.eclipse.core.internal.jobs.Worker.run(Worker.java:53)
11:07:46 ERROR : Unexpected error while launching program.
com.xilinx.sdk.targetmanager.TMException: MicroBlaze is under RESET. Check if the Reset input to MicroBlaze and its Bus Interfaces are connected properly
    UNABLE to STOP MicroBlaze

	at com.xilinx.sdk.targetmanager.internal.TM.connectToProcessor(TM.java:484)
	at com.xilinx.sdk.debug.core.XilinxAppLaunchConfigurationDelegate.runTargetSetup(XilinxAppLaunchConfigurationDelegate.java:451)
	at com.xilinx.sdk.debug.core.XilinxAppLaunchConfigurationDelegate.runApplication(XilinxAppLaunchConfigurationDelegate.java:616)
	at com.xilinx.sdk.debug.core.XilinxAppLaunchConfigurationDelegate.launch(XilinxAppLaunchConfigurationDelegate.java:309)
	at com.xilinx.sdk.debug.ui.XilinxAppLaunchDelegateWrapper.launch(XilinxAppLaunchDelegateWrapper.java:31)
	at org.eclipse.debug.internal.core.LaunchConfiguration.launch(LaunchConfiguration.java:858)
	at org.eclipse.debug.internal.core.LaunchConfiguration.launch(LaunchConfiguration.java:707)
	at org.eclipse.debug.internal.ui.DebugUIPlugin.buildAndLaunch(DebugUIPlugin.java:1018)
	at org.eclipse.debug.internal.ui.DebugUIPlugin$8.run(DebugUIPlugin.java:1222)
	at org.eclipse.core.internal.jobs.Worker.run(Worker.java:53)
11:08:01 ERROR : Unexpected error while launching program.
com.xilinx.sdk.targetmanager.TMException: MicroBlaze is under RESET. Check if the Reset input to MicroBlaze and its Bus Interfaces are connected properly
    UNABLE to STOP MicroBlaze

	at com.xilinx.sdk.targetmanager.internal.TM.connectToProcessor(TM.java:484)
	at com.xilinx.sdk.debug.core.XilinxAppLaunchConfigurationDelegate.runTargetSetup(XilinxAppLaunchConfigurationDelegate.java:451)
	at com.xilinx.sdk.debug.core.XilinxAppLaunchConfigurationDelegate.runApplication(XilinxAppLaunchConfigurationDelegate.java:616)
	at com.xilinx.sdk.debug.core.XilinxAppLaunchConfigurationDelegate.launch(XilinxAppLaunchConfigurationDelegate.java:309)
	at com.xilinx.sdk.debug.ui.XilinxAppLaunchDelegateWrapper.launch(XilinxAppLaunchDelegateWrapper.java:31)
	at org.eclipse.debug.internal.core.LaunchConfiguration.launch(LaunchConfiguration.java:858)
	at org.eclipse.debug.internal.core.LaunchConfiguration.launch(LaunchConfiguration.java:707)
	at org.eclipse.debug.internal.ui.DebugUIPlugin.buildAndLaunch(DebugUIPlugin.java:1018)
	at org.eclipse.debug.internal.ui.DebugUIPlugin$8.run(DebugUIPlugin.java:1222)
	at org.eclipse.core.internal.jobs.Worker.run(Worker.java:53)
11:08:13 ERROR : Unexpected error while launching program.
com.xilinx.sdk.targetmanager.TMException: MicroBlaze is under RESET. Check if the Reset input to MicroBlaze and its Bus Interfaces are connected properly
    UNABLE to STOP MicroBlaze

	at com.xilinx.sdk.targetmanager.internal.TM.connectToProcessor(TM.java:484)
	at com.xilinx.sdk.debug.core.XilinxAppLaunchConfigurationDelegate.runTargetSetup(XilinxAppLaunchConfigurationDelegate.java:451)
	at com.xilinx.sdk.debug.core.XilinxAppLaunchConfigurationDelegate.runApplication(XilinxAppLaunchConfigurationDelegate.java:616)
	at com.xilinx.sdk.debug.core.XilinxAppLaunchConfigurationDelegate.launch(XilinxAppLaunchConfigurationDelegate.java:309)
	at com.xilinx.sdk.debug.ui.XilinxAppLaunchDelegateWrapper.launch(XilinxAppLaunchDelegateWrapper.java:31)
	at org.eclipse.debug.internal.core.LaunchConfiguration.launch(LaunchConfiguration.java:858)
	at org.eclipse.debug.internal.core.LaunchConfiguration.launch(LaunchConfiguration.java:707)
	at org.eclipse.debug.internal.ui.DebugUIPlugin.buildAndLaunch(DebugUIPlugin.java:1018)
	at org.eclipse.debug.internal.ui.DebugUIPlugin$8.run(DebugUIPlugin.java:1222)
	at org.eclipse.core.internal.jobs.Worker.run(Worker.java:53)
11:08:48 ERROR : Unexpected error while launching program.
com.xilinx.sdk.targetmanager.TMException: MicroBlaze is under RESET. Check if the Reset input to MicroBlaze and its Bus Interfaces are connected properly
    UNABLE to STOP MicroBlaze

	at com.xilinx.sdk.targetmanager.internal.TM.connectToProcessor(TM.java:484)
	at com.xilinx.sdk.debug.core.XilinxAppLaunchConfigurationDelegate.runTargetSetup(XilinxAppLaunchConfigurationDelegate.java:451)
	at com.xilinx.sdk.debug.core.XilinxAppLaunchConfigurationDelegate.runApplication(XilinxAppLaunchConfigurationDelegate.java:616)
	at com.xilinx.sdk.debug.core.XilinxAppLaunchConfigurationDelegate.launch(XilinxAppLaunchConfigurationDelegate.java:309)
	at com.xilinx.sdk.debug.ui.XilinxAppLaunchDelegateWrapper.launch(XilinxAppLaunchDelegateWrapper.java:31)
	at org.eclipse.debug.internal.core.LaunchConfiguration.launch(LaunchConfiguration.java:858)
	at org.eclipse.debug.internal.core.LaunchConfiguration.launch(LaunchConfiguration.java:707)
	at org.eclipse.debug.internal.ui.DebugUIPlugin.buildAndLaunch(DebugUIPlugin.java:1018)
	at org.eclipse.debug.internal.ui.DebugUIPlugin$8.run(DebugUIPlugin.java:1222)
	at org.eclipse.core.internal.jobs.Worker.run(Worker.java:53)
11:19:09 ERROR : Unexpected error while parsing XMD response ?: com.google.gson.JsonSyntaxException: com.google.gson.stream.MalformedJsonException: invalid number or unquoted string near 
14:10:33 INFO  : Launching XSDB server: xsdb.bat C:/Xilinx/SDK/2015.4/scripts/xsdb/xsdb/xsdb-server.tcl
14:10:35 INFO  : XSDB server has started successfully.
14:10:39 INFO  : Processing command line option -hwspec D:/SEUDProject/XA200T_TMRMBwGPO_TMRMBwUART_ThroughVoter/XA200T_TMRMBwGPO_TMRMBwUART_ThroughVoter.sw/design_1_wrapper.hdf.
14:10:42 INFO  : Checking for hwspec changes in the project design_1_wrapper_hw_platform_0.
14:10:42 INFO  : SDK has detected change in the last modified timestamps for source hardware specification file Source:1449917841463,  Project:1449913712088
14:10:42 INFO  : The hardware specification for project 'design_1_wrapper_hw_platform_0' is different from D:/SEUDProject/XA200T_TMRMBwGPO_TMRMBwUART_ThroughVoter/XA200T_TMRMBwGPO_TMRMBwUART_ThroughVoter.sw/design_1_wrapper.hdf.
14:10:42 INFO  : Copied contents of D:/SEUDProject/XA200T_TMRMBwGPO_TMRMBwUART_ThroughVoter/XA200T_TMRMBwGPO_TMRMBwUART_ThroughVoter.sw/design_1_wrapper.hdf into \design_1_wrapper_hw_platform_0\system.hdf.
14:10:44 INFO  : Synchronizing projects in the workspace with the hardware platform specification changes.
14:10:45 ERROR : (XSDB Server)ERROR: [Hsi 55-1433] Error boost::filesystem::directory_iterator::construct: Access is denied: "C:/Users/M.T.Mohammadat/AppData/Local/Temp\msdtadmin"

14:10:46 ERROR : Failed to call sync_sw_with_hw_change
Reason: ERROR: [Common 17-39] 'hsi::open_sw_design' failed due to earlier errors.

14:10:46 ERROR : Error updating BSP project MSS files.
14:10:48 INFO  : Updating hardware inferred compiler options for LED1.
14:10:49 INFO  : Updating hardware inferred compiler options for LED2.
14:10:51 INFO  : Updating hardware inferred compiler options for LED3.
14:10:52 INFO  : Updating hardware inferred compiler options for BlinkingLED1.
14:10:53 INFO  : Updating hardware inferred compiler options for CounterUARTPrint1.
14:10:54 INFO  : Updating hardware inferred compiler options for UARTPrint1.
14:10:56 INFO  : Updating hardware inferred compiler options for BlinkingLED2.
14:10:56 INFO  : Updating hardware inferred compiler options for CounterUARTPrint2.
14:10:57 INFO  : Updating hardware inferred compiler options for UARTPrint2.
14:10:59 INFO  : Updating hardware inferred compiler options for BlinkingLED3.
14:10:59 INFO  : Updating hardware inferred compiler options for CounterUARTPrint3.
14:11:00 INFO  : Updating hardware inferred compiler options for UARTPrint3.
14:11:00 INFO  : Clearing existing target manager status.
14:11:39 ERROR : (XSDB Server)ERROR: [Hsi 55-1558] Software Design system system is not found

14:11:39 ERROR : Failed to call write_mss 
Reason: ERROR: [Common 17-39] 'hsi::current_sw_design' failed due to earlier errors.

14:11:41 ERROR : The Hardware Project referenced by this BSP (LED1_bsp) was not found in this workspace. As a result, this BSP will not build properly. To fix this error, please import the associated hardware project or recreate a new BSP targeting an existing hardware platform.
14:11:48 ERROR : Unexpected error while parsing XMD response ?: com.google.gson.JsonSyntaxException: com.google.gson.stream.MalformedJsonException: invalid number or unquoted string near 
14:12:02 INFO  : Launching XSDB server: xsdb.bat C:/Xilinx/SDK/2015.4/scripts/xsdb/xsdb/xsdb-server.tcl
14:12:03 INFO  : XSDB server has started successfully.
14:12:06 INFO  : Processing command line option -hwspec D:/SEUDProject/XA200T_TMRMBwGPO_TMRMBwUART_ThroughVoter/XA200T_TMRMBwGPO_TMRMBwUART_ThroughVoter.sw/design_1_wrapper.hdf.
14:12:07 INFO  : Checking for hwspec changes in the project design_1_wrapper_hw_platform_0.
14:12:42 INFO  : Refreshed build settings on project LED1
14:13:14 INFO  : Refreshed build settings on project LED2
14:13:48 INFO  : Refreshed build settings on project LED3
14:14:27 INFO  : Refreshed build settings on project BlinkingLED1
14:14:28 INFO  : Refreshed build settings on project CounterUARTPrint1
14:14:29 INFO  : Refreshed build settings on project UARTPrint1
14:15:02 INFO  : Refreshed build settings on project BlinkingLED2
14:15:03 INFO  : Refreshed build settings on project CounterUARTPrint2
14:15:04 INFO  : Refreshed build settings on project UARTPrint2
14:15:27 INFO  : Refreshed build settings on project BlinkingLED3
14:15:27 INFO  : Refreshed build settings on project CounterUARTPrint3
14:15:28 INFO  : Refreshed build settings on project UARTPrint3
14:18:33 INFO  : Connected to target on host '127.0.0.1' and port '3121'.
14:18:38 INFO  : 'targets -set -filter {jtag_cable_name =~ "Digilent Nexys Video 210276690158B" && level==0} -index 0' command is executed.
14:18:45 INFO  : FPGA configured successfully with bitstream "D:/SEUDProject/XA200T_TMRMBwGPO_TMRMBwUART_ThroughVoter/XA200T_TMRMBwGPO_TMRMBwUART_ThroughVoter.sw/design_1_wrapper_hw_platform_0/download.bit"
14:36:18 INFO  : Processor reset is completed for microblaze_1
14:36:24 INFO  : Processor reset is completed for microblaze_2
14:36:35 INFO  : Processor reset is completed for microblaze_3
14:36:49 INFO  : Processor reset is completed for microblaze_0
14:36:54 INFO  : Processor reset is completed for microblaze_4
14:37:10 INFO  : Processor reset is completed for microblaze_5
16:42:20 ERROR : Unexpected error while parsing XMD response ?: com.google.gson.JsonSyntaxException: com.google.gson.stream.MalformedJsonException: invalid number or unquoted string near 
16:45:15 INFO  : Launching XSDB server: xsdb.bat C:/Xilinx/SDK/2015.4/scripts/xsdb/xsdb/xsdb-server.tcl
16:45:25 INFO  : XSDB server has started successfully.
16:45:51 INFO  : Processing command line option -hwspec D:/SEUDProject/XA200T_TMRMBwGPO_TMRMBwUART_ThroughVoter/XA200T_TMRMBwGPO_TMRMBwUART_ThroughVoter.sw/design_1_wrapper.hdf.
16:45:54 INFO  : Checking for hwspec changes in the project design_1_wrapper_hw_platform_0.
16:45:54 INFO  : SDK has detected change in the last modified timestamps for source hardware specification file Source:1449934890305,  Project:1449917841463
16:45:54 INFO  : The hardware specification for project 'design_1_wrapper_hw_platform_0' is different from D:/SEUDProject/XA200T_TMRMBwGPO_TMRMBwUART_ThroughVoter/XA200T_TMRMBwGPO_TMRMBwUART_ThroughVoter.sw/design_1_wrapper.hdf.
16:45:55 INFO  : Copied contents of D:/SEUDProject/XA200T_TMRMBwGPO_TMRMBwUART_ThroughVoter/XA200T_TMRMBwGPO_TMRMBwUART_ThroughVoter.sw/design_1_wrapper.hdf into \design_1_wrapper_hw_platform_0\system.hdf.
16:45:58 INFO  : Synchronizing projects in the workspace with the hardware platform specification changes.
16:46:48 ERROR : (XSDB Server)ERROR: [Hsi 55-1433] Error boost::filesystem::directory_iterator::construct: Access is denied: "C:/Users/M.T.Mohammadat/AppData/Local/Temp\msdtadmin"

16:48:27 ERROR : Failed to call sync_sw_with_hw_change
Reason: ERROR: [Common 17-39] 'hsi::open_sw_design' failed due to earlier errors.

16:48:27 ERROR : Error updating BSP project MSS files.
16:48:31 INFO  : Updating hardware inferred compiler options for LED1.
16:48:32 INFO  : Updating hardware inferred compiler options for LED2.
16:48:34 INFO  : Updating hardware inferred compiler options for LED3.
16:48:35 INFO  : Updating hardware inferred compiler options for BlinkingLED1.
16:48:36 INFO  : Updating hardware inferred compiler options for CounterUARTPrint1.
16:48:37 INFO  : Updating hardware inferred compiler options for UARTPrint1.
16:48:39 INFO  : Updating hardware inferred compiler options for BlinkingLED2.
16:48:40 INFO  : Updating hardware inferred compiler options for CounterUARTPrint2.
16:48:40 INFO  : Updating hardware inferred compiler options for UARTPrint2.
16:48:44 INFO  : Updating hardware inferred compiler options for BlinkingLED3.
16:48:45 INFO  : Updating hardware inferred compiler options for CounterUARTPrint3.
16:48:46 INFO  : Updating hardware inferred compiler options for UARTPrint3.
16:48:46 INFO  : Clearing existing target manager status.
16:51:26 ERROR : (XSDB Server)ERROR: [Hsi 55-1558] Software Design system system is not found

16:51:26 ERROR : Failed to call write_mss 
Reason: ERROR: [Common 17-39] 'hsi::current_sw_design' failed due to earlier errors.

16:51:28 ERROR : The Hardware Project referenced by this BSP (LED1_bsp) was not found in this workspace. As a result, this BSP will not build properly. To fix this error, please import the associated hardware project or recreate a new BSP targeting an existing hardware platform.
16:51:39 ERROR : Unexpected error while parsing XMD response ?: com.google.gson.JsonSyntaxException: com.google.gson.stream.MalformedJsonException: invalid number or unquoted string near 
16:51:55 INFO  : Launching XSDB server: xsdb.bat C:/Xilinx/SDK/2015.4/scripts/xsdb/xsdb/xsdb-server.tcl
16:51:57 INFO  : XSDB server has started successfully.
16:52:01 INFO  : Processing command line option -hwspec D:/SEUDProject/XA200T_TMRMBwGPO_TMRMBwUART_ThroughVoter/XA200T_TMRMBwGPO_TMRMBwUART_ThroughVoter.sw/design_1_wrapper.hdf.
16:52:02 INFO  : Checking for hwspec changes in the project design_1_wrapper_hw_platform_0.
16:53:31 INFO  : Refreshed build settings on project LED1
16:54:46 INFO  : Refreshed build settings on project LED2
16:57:20 INFO  : Refreshed build settings on project LED3
16:58:09 INFO  : Refreshed build settings on project BlinkingLED1
16:58:10 INFO  : Refreshed build settings on project CounterUARTPrint1
16:58:10 INFO  : Refreshed build settings on project UARTPrint1
16:58:31 INFO  : Refreshed build settings on project BlinkingLED2
16:58:32 INFO  : Refreshed build settings on project CounterUARTPrint2
16:58:33 INFO  : Refreshed build settings on project UARTPrint2
16:58:55 INFO  : Refreshed build settings on project BlinkingLED3
16:58:56 INFO  : Refreshed build settings on project CounterUARTPrint3
16:58:57 INFO  : Refreshed build settings on project UARTPrint3
17:01:42 INFO  : Connected to target on host '127.0.0.1' and port '3121'.
17:01:44 INFO  : 'targets -set -filter {jtag_cable_name =~ "Digilent Nexys Video 210276690158B" && level==0} -index 0' command is executed.
17:01:52 INFO  : FPGA configured successfully with bitstream "D:/SEUDProject/XA200T_TMRMBwGPO_TMRMBwUART_ThroughVoter/XA200T_TMRMBwGPO_TMRMBwUART_ThroughVoter.sw/design_1_wrapper_hw_platform_0/download.bit"
17:13:42 INFO  : Processor reset is completed for microblaze_1
17:13:43 INFO  : Processor reset is completed for microblaze_5
17:13:47 INFO  : Processor reset is completed for microblaze_2
17:13:51 INFO  : Processor reset is completed for microblaze_4
17:13:54 INFO  : Processor reset is completed for microblaze_3
17:13:58 INFO  : Processor reset is completed for microblaze_0
17:21:57 ERROR : Unexpected error while parsing XMD response ?: com.google.gson.JsonSyntaxException: com.google.gson.stream.MalformedJsonException: invalid number or unquoted string near 
18:34:33 INFO  : Launching XSDB server: xsdb.bat C:/Xilinx/SDK/2015.4/scripts/xsdb/xsdb/xsdb-server.tcl
18:34:37 INFO  : XSDB server has started successfully.
18:39:08 INFO  : Connected to target on host '127.0.0.1' and port '3121'.
18:39:12 INFO  : 'targets -set -filter {jtag_cable_name =~ "Digilent Nexys Video 210276690158B" && level==0} -index 0' command is executed.
18:39:19 INFO  : FPGA configured successfully with bitstream "D:/SEUDProject/XA200T_TMRMBwGPO_TMRMBwUART_ThroughVoter/XA200T_TMRMBwGPO_TMRMBwUART_ThroughVoter.sw/design_1_wrapper_hw_platform_0/download.bit"
18:39:40 INFO  : Processor reset is completed for microblaze_0
18:39:49 INFO  : Processor reset is completed for microblaze_3
18:39:58 INFO  : Processor reset is completed for microblaze_4
18:40:10 INFO  : Processor reset is completed for microblaze_2
18:40:23 INFO  : Processor reset is completed for microblaze_5
18:40:34 INFO  : Processor reset is completed for microblaze_1
18:46:29 INFO  : Connected to target on host '127.0.0.1' and port '3121'.
18:46:29 INFO  : 'targets -set -filter {jtag_cable_name =~ "Digilent Nexys Video 210276690158B" && level==0} -index 0' command is executed.
18:46:35 INFO  : FPGA configured successfully with bitstream "D:/SEUDProject/XA200T_TMRMBwGPO_TMRMBwUART_ThroughVoter/XA200T_TMRMBwGPO_TMRMBwUART_ThroughVoter.sw/design_1_wrapper_hw_platform_0/download.bit"
18:49:08 INFO  : Processor reset is completed for microblaze_0
18:49:18 INFO  : Processor reset is completed for microblaze_4
18:49:27 INFO  : Processor reset is completed for microblaze_5
18:49:35 INFO  : Processor reset is completed for microblaze_1
18:49:42 INFO  : Processor reset is completed for microblaze_2
18:49:50 INFO  : Processor reset is completed for microblaze_3
19:14:20 INFO  : Processor reset is completed for microblaze_3
19:14:23 INFO  : Processor reset is completed for microblaze_2
19:14:27 INFO  : Processor reset is completed for microblaze_1
19:14:31 INFO  : Processor reset is completed for microblaze_5
19:14:35 INFO  : Processor reset is completed for microblaze_0
19:14:38 INFO  : Processor reset is completed for microblaze_4
19:25:18 INFO  : Processor reset is completed for microblaze_4
19:25:21 INFO  : Processor reset is completed for microblaze_0
19:25:25 INFO  : Processor reset is completed for microblaze_1
19:25:29 INFO  : Processor reset is completed for microblaze_2
19:25:33 INFO  : Processor reset is completed for microblaze_3
19:25:37 INFO  : Processor reset is completed for microblaze_5
19:46:37 INFO  : Processor reset is completed for microblaze_5
19:46:40 INFO  : Processor reset is completed for microblaze_0
19:46:44 INFO  : Processor reset is completed for microblaze_4
19:46:48 INFO  : Processor reset is completed for microblaze_3
19:46:51 INFO  : Processor reset is completed for microblaze_1
19:46:55 INFO  : Processor reset is completed for microblaze_2
19:47:39 INFO  : microblaze_0 Processor is in use. Please stop existing Run or Debug sessions before launching.
19:47:48 INFO  : Processor reset is completed for microblaze_0
19:48:02 INFO  : microblaze_0 Processor is in use. Please stop existing Run or Debug sessions before launching.
19:48:05 INFO  : Processor reset is completed for microblaze_0
19:48:21 INFO  : Processor reset is completed for microblaze_0
19:48:27 INFO  : Processor reset is completed for microblaze_4
19:48:31 INFO  : Processor reset is completed for microblaze_5
19:48:36 INFO  : Processor reset is completed for microblaze_1
19:48:40 INFO  : Processor reset is completed for microblaze_2
19:48:44 INFO  : Processor reset is completed for microblaze_3
20:35:09 ERROR : Unexpected error while parsing XMD response ?: com.google.gson.JsonSyntaxException: com.google.gson.stream.MalformedJsonException: invalid number or unquoted string near 
07:33:19 INFO  : Launching XSDB server: xsdb.bat C:/Xilinx/SDK/2015.4/scripts/xsdb/xsdb/xsdb-server.tcl
07:33:22 INFO  : XSDB server has started successfully.
07:33:32 INFO  : Processing command line option -hwspec D:/SEUDProject/XA200T_TMRMBwGPO_TMRMBwUART_ThroughVoter/XA200T_TMRMBwGPO_TMRMBwUART_ThroughVoter.sw/design_1_wrapper.hdf.
07:33:34 INFO  : Checking for hwspec changes in the project design_1_wrapper_hw_platform_0.
07:33:34 INFO  : SDK has detected change in the last modified timestamps for source hardware specification file Source:1450160843227,  Project:1449934890305
07:33:34 INFO  : The hardware specification for project 'design_1_wrapper_hw_platform_0' is different from D:/SEUDProject/XA200T_TMRMBwGPO_TMRMBwUART_ThroughVoter/XA200T_TMRMBwGPO_TMRMBwUART_ThroughVoter.sw/design_1_wrapper.hdf.
07:33:34 INFO  : Copied contents of D:/SEUDProject/XA200T_TMRMBwGPO_TMRMBwUART_ThroughVoter/XA200T_TMRMBwGPO_TMRMBwUART_ThroughVoter.sw/design_1_wrapper.hdf into \design_1_wrapper_hw_platform_0\system.hdf.
07:33:39 INFO  : Synchronizing projects in the workspace with the hardware platform specification changes.
07:34:12 ERROR : (XSDB Server)ERROR: [Hsi 55-1433] Error boost::filesystem::directory_iterator::construct: Access is denied: "C:/Users/M.T.Mohammadat/AppData/Local/Temp\msdtadmin"

07:34:52 ERROR : Failed to call sync_sw_with_hw_change
Reason: ERROR: [Common 17-39] 'hsi::open_sw_design' failed due to earlier errors.

07:34:52 ERROR : Error updating BSP project MSS files.
07:34:55 INFO  : Updating hardware inferred compiler options for LED1.
07:34:57 INFO  : Updating hardware inferred compiler options for LED2.
07:34:58 INFO  : Updating hardware inferred compiler options for LED3.
07:35:00 INFO  : Updating hardware inferred compiler options for BlinkingLED1.
07:35:01 INFO  : Updating hardware inferred compiler options for CounterUARTPrint1.
07:35:02 INFO  : Updating hardware inferred compiler options for UARTPrint1.
07:35:03 INFO  : Updating hardware inferred compiler options for BlinkingLED2.
07:35:04 INFO  : Updating hardware inferred compiler options for CounterUARTPrint2.
07:35:05 INFO  : Updating hardware inferred compiler options for UARTPrint2.
07:35:06 INFO  : Updating hardware inferred compiler options for BlinkingLED3.
07:35:07 INFO  : Updating hardware inferred compiler options for CounterUARTPrint3.
07:35:08 INFO  : Updating hardware inferred compiler options for UARTPrint3.
07:35:08 INFO  : Clearing existing target manager status.
07:41:00 INFO  : Processor reset is completed for microblaze_3
07:41:04 INFO  : Processor reset is completed for microblaze_2
07:41:08 INFO  : Processor reset is completed for microblaze_1
07:41:12 INFO  : Processor reset is completed for microblaze_4
07:41:15 INFO  : Processor reset is completed for microblaze_0
07:41:19 INFO  : Processor reset is completed for microblaze_5
08:02:17 ERROR : Unexpected error while parsing XMD response ?: com.google.gson.JsonSyntaxException: com.google.gson.stream.MalformedJsonException: invalid number or unquoted string near 
14:11:50 INFO  : Launching XSDB server: xsdb.bat C:/Xilinx/SDK/2015.4/scripts/xsdb/xsdb/xsdb-server.tcl
14:11:55 INFO  : XSDB server has started successfully.
19:59:51 INFO  : Launching XSDB server: xsdb.bat C:/Xilinx/SDK/2015.4/scripts/xsdb/xsdb/xsdb-server.tcl
19:59:58 INFO  : XSDB server has started successfully.
19:59:59 INFO  : Processing command line option -hwspec D:/SEUDProject/XA200T_TMRMBwGPO_TMRMBwUART_ThroughVoter/XA200T_TMRMBwGPO_TMRMBwUART_ThroughVoter.sw/topsystem.hdf.
20:34:44 INFO  : Processor reset is completed for microblaze_5
20:34:49 INFO  : Processor reset is completed for microblaze_0
20:34:54 INFO  : Processor reset is completed for microblaze_4
20:35:04 INFO  : Processor reset is completed for microblaze_1
20:35:09 INFO  : Processor reset is completed for microblaze_2
20:35:24 INFO  : Processor reset is completed for microblaze_3
20:36:52 INFO  : microblaze_3 Processor is in use. Please stop existing Run or Debug sessions before launching.
20:47:46 INFO  : Connected to target on host '127.0.0.1' and port '3121'.
20:48:17 INFO  : Connected to target on host '127.0.0.1' and port '3121'.
20:52:24 INFO  : Invoking Bootgen: bootgen -arch fpga -image D:/SEUDProject/XA200T_TMRMBwGPO_TMRMBwUART_ThroughVoter/XA200T_TMRMBwGPO_TMRMBwUART_ThroughVoter.sw/design_1_wrapper_hw_platform_0/cache/bootimage.bif -w -o D:/SEUDProject/XA200T_TMRMBwGPO_TMRMBwUART_ThroughVoter/XA200T_TMRMBwGPO_TMRMBwUART_ThroughVoter.sw/design_1_wrapper_hw_platform_0/cache/BOOT.bin  -interface spi
20:52:25 INFO  : Bootgen command execution is done.
22:58:17 ERROR : Unexpected error while parsing XMD response ?: com.google.gson.JsonSyntaxException: com.google.gson.stream.MalformedJsonException: invalid number or unquoted string near 
09:43:54 INFO  : Launching XSDB server: xsdb.bat C:/Xilinx/SDK/2015.4/scripts/xsdb/xsdb/xsdb-server.tcl
09:43:58 INFO  : XSDB server has started successfully.
09:44:05 INFO  : Processing command line option -hwspec D:/SEUDProject/XA200T_TMRMBwGPO_TMRMBwUART_ThroughVoter/XA200T_TMRMBwGPO_TMRMBwUART_ThroughVoter.sw/topsystem.hdf.
09:44:06 INFO  : Checking for hwspec changes in the project topsystem_hw_platform_0.
10:15:18 INFO  : Processor reset is completed for microblaze_2
10:15:19 INFO  : Processor reset is completed for microblaze_3
10:15:24 INFO  : Processor reset is completed for microblaze_4
10:15:28 INFO  : Processor reset is completed for microblaze_0
10:15:32 INFO  : Processor reset is completed for microblaze_5
10:15:38 INFO  : microblaze_5 Processor is in use. Please stop existing Run or Debug sessions before launching.
10:15:43 INFO  : Processor reset is completed for microblaze_1
10:15:53 INFO  : microblaze_2 Processor is in use. Please stop existing Run or Debug sessions before launching.
10:15:57 INFO  : microblaze_3 Processor is in use. Please stop existing Run or Debug sessions before launching.
12:15:44 ERROR : Unexpected error while parsing XMD response ?: com.google.gson.JsonSyntaxException: com.google.gson.stream.MalformedJsonException: invalid number or unquoted string near 
