#-----------------------------------------------------------
# Webtalk v2015.4 (64-bit)
# SW Build 1412921 on Wed Nov 18 09:43:45 MST 2015
# 
# Start of session at: Sat Dec 12 07:25:39 2015
# Process ID: 10076
# Current directory: D:/SEUDProject/XA200T_TMRMBwGPO_TMRMBwUART_ThroughVoter/XA200T_TMRMBwGPO_TMRMBwUART_ThroughVoter.sw/webtalk
# Command line: wbtcv.exe -mode batch -source sdk_webtalk.tcl
# Log file: D:/SEUDProject/XA200T_TMRMBwGPO_TMRMBwUART_ThroughVoter/XA200T_TMRMBwGPO_TMRMBwUART_ThroughVoter.sw/webtalk/webtalk.log
# Journal file: D:/SEUDProject/XA200T_TMRMBwGPO_TMRMBwUART_ThroughVoter/XA200T_TMRMBwGPO_TMRMBwUART_ThroughVoter.sw/webtalk\webtalk.jou
#-----------------------------------------------------------
source sdk_webtalk.tcl
# webtalk_init -webtalk_dir D:\\SEUDProject\\XA200T_TMRMBwGPO_TMRMBwUART_ThroughVoter\\XA200T_TMRMBwGPO_TMRMBwUART_ThroughVoter.sw\\webtalk
# webtalk_register_client -client project
# webtalk_add_data -client project -key date_generated -value "Sat Dec 12 07:25:38 2015" -context "software_version_and_target_device"
# webtalk_add_data -client project -key product_version -value "SDK v2015.4" -context "software_version_and_target_device"
# webtalk_add_data -client project -key build_version -value "2015.4" -context "software_version_and_target_device"
# webtalk_add_data -client project -key os_platform -value "amd64" -context "software_version_and_target_device"
# webtalk_add_data -client project -key registration_id -value "" -context "software_version_and_target_device"
# webtalk_add_data -client project -key tool_flow -value "SDK" -context "software_version_and_target_device"
# webtalk_add_data -client project -key beta -value "false" -context "software_version_and_target_device"
# webtalk_add_data -client project -key route_design -value "NA" -context "software_version_and_target_device"
# webtalk_add_data -client project -key target_family -value "NA" -context "software_version_and_target_device"
# webtalk_add_data -client project -key target_device -value "NA" -context "software_version_and_target_device"
# webtalk_add_data -client project -key target_package -value "NA" -context "software_version_and_target_device"
# webtalk_add_data -client project -key target_speed -value "NA" -context "software_version_and_target_device"
# webtalk_add_data -client project -key random_id -value "2j7skg8sd2mtntc4a41krp3m2s" -context "software_version_and_target_device"
# webtalk_add_data -client project -key project_id -value "2015.4_3" -context "software_version_and_target_device"
# webtalk_add_data -client project -key project_iteration -value "3" -context "software_version_and_target_device"
# webtalk_add_data -client project -key os_name -value "" -context "user_environment"
# webtalk_add_data -client project -key os_release -value "" -context "user_environment"
# webtalk_add_data -client project -key cpu_name -value "" -context "user_environment"
# webtalk_add_data -client project -key cpu_speed -value "" -context "user_environment"
# webtalk_add_data -client project -key total_processors -value "" -context "user_environment"
# webtalk_add_data -client project -key system_ram -value "" -context "user_environment"
# webtalk_register_client -client sdk
# webtalk_add_data -client sdk -key uid -value "1449896881055" -context "sdk\\\\hardware/1449896881055"
# webtalk_add_data -client sdk -key isZynq -value "false" -context "sdk\\\\hardware/1449896881055"
# webtalk_add_data -client sdk -key Processors -value "6" -context "sdk\\\\hardware/1449896881055"
# webtalk_add_data -client sdk -key VivadoVersion -value "2015.4" -context "sdk\\\\hardware/1449896881055"
# webtalk_add_data -client sdk -key Arch -value "artix7" -context "sdk\\\\hardware/1449896881055"
# webtalk_add_data -client sdk -key Device -value "7a200t" -context "sdk\\\\hardware/1449896881055"
# webtalk_add_data -client sdk -key IsHandoff -value "true" -context "sdk\\\\hardware/1449896881055"
# webtalk_add_data -client sdk -key uid -value "1449896965340" -context "sdk\\\\bsp/1449896965340"
# webtalk_add_data -client sdk -key hwid -value "1449896881055" -context "sdk\\\\bsp/1449896965340"
# webtalk_add_data -client sdk -key os -value "standalone" -context "sdk\\\\bsp/1449896965340"
# webtalk_add_data -client sdk -key apptemplate -value "null" -context "sdk\\\\bsp/1449896965340"
# webtalk_add_data -client sdk -key uid -value "1449897031369" -context "sdk\\\\bsp/1449897031369"
# webtalk_add_data -client sdk -key hwid -value "1449896881055" -context "sdk\\\\bsp/1449897031369"
# webtalk_add_data -client sdk -key os -value "standalone" -context "sdk\\\\bsp/1449897031369"
# webtalk_add_data -client sdk -key apptemplate -value "null" -context "sdk\\\\bsp/1449897031369"
# webtalk_add_data -client sdk -key uid -value "1449897074609" -context "sdk\\\\bsp/1449897074609"
# webtalk_add_data -client sdk -key hwid -value "1449896881055" -context "sdk\\\\bsp/1449897074609"
# webtalk_add_data -client sdk -key os -value "standalone" -context "sdk\\\\bsp/1449897074609"
# webtalk_add_data -client sdk -key apptemplate -value "null" -context "sdk\\\\bsp/1449897074609"
# webtalk_add_data -client sdk -key uid -value "1449897834731" -context "sdk\\\\bsp/1449897834731"
# webtalk_add_data -client sdk -key hwid -value "1449896881055" -context "sdk\\\\bsp/1449897834731"
# webtalk_add_data -client sdk -key os -value "standalone" -context "sdk\\\\bsp/1449897834731"
# webtalk_add_data -client sdk -key apptemplate -value "null" -context "sdk\\\\bsp/1449897834731"
# webtalk_add_data -client sdk -key uid -value "1449897876045" -context "sdk\\\\bsp/1449897876045"
# webtalk_add_data -client sdk -key hwid -value "1449896881055" -context "sdk\\\\bsp/1449897876045"
# webtalk_add_data -client sdk -key os -value "standalone" -context "sdk\\\\bsp/1449897876045"
# webtalk_add_data -client sdk -key apptemplate -value "null" -context "sdk\\\\bsp/1449897876045"
# webtalk_add_data -client sdk -key uid -value "1449897911097" -context "sdk\\\\bsp/1449897911097"
# webtalk_add_data -client sdk -key hwid -value "1449896881055" -context "sdk\\\\bsp/1449897911097"
# webtalk_add_data -client sdk -key os -value "standalone" -context "sdk\\\\bsp/1449897911097"
# webtalk_add_data -client sdk -key apptemplate -value "null" -context "sdk\\\\bsp/1449897911097"
# webtalk_add_data -client sdk -key uid -value "1449899724044" -context "sdk\\\\application/1449899724044"
# webtalk_add_data -client sdk -key hwid -value "1449896881055" -context "sdk\\\\application/1449899724044"
# webtalk_add_data -client sdk -key bspid -value "1449896965340" -context "sdk\\\\application/1449899724044"
# webtalk_add_data -client sdk -key newbsp -value "false" -context "sdk\\\\application/1449899724044"
# webtalk_add_data -client sdk -key os -value "standalone" -context "sdk\\\\application/1449899724044"
# webtalk_add_data -client sdk -key apptemplate -value "peripheral_tests" -context "sdk\\\\application/1449899724044"
# webtalk_add_data -client sdk -key uid -value "1449899793888" -context "sdk\\\\application/1449899793888"
# webtalk_add_data -client sdk -key hwid -value "1449896881055" -context "sdk\\\\application/1449899793888"
# webtalk_add_data -client sdk -key bspid -value "1449897031369" -context "sdk\\\\application/1449899793888"
# webtalk_add_data -client sdk -key newbsp -value "false" -context "sdk\\\\application/1449899793888"
# webtalk_add_data -client sdk -key os -value "standalone" -context "sdk\\\\application/1449899793888"
# webtalk_add_data -client sdk -key apptemplate -value "peripheral_tests" -context "sdk\\\\application/1449899793888"
# webtalk_add_data -client sdk -key uid -value "1449899834060" -context "sdk\\\\application/1449899834060"
# webtalk_add_data -client sdk -key hwid -value "1449896881055" -context "sdk\\\\application/1449899834060"
# webtalk_add_data -client sdk -key bspid -value "1449897074609" -context "sdk\\\\application/1449899834060"
# webtalk_add_data -client sdk -key newbsp -value "false" -context "sdk\\\\application/1449899834060"
# webtalk_add_data -client sdk -key os -value "standalone" -context "sdk\\\\application/1449899834060"
# webtalk_add_data -client sdk -key apptemplate -value "peripheral_tests" -context "sdk\\\\application/1449899834060"
# webtalk_transmit -clientid 2712851956 -regid "" -xml D:\\SEUDProject\\XA200T_TMRMBwGPO_TMRMBwUART_ThroughVoter\\XA200T_TMRMBwGPO_TMRMBwUART_ThroughVoter.sw\\webtalk\\usage_statistics_ext_sdk.xml -html D:\\SEUDProject\\XA200T_TMRMBwGPO_TMRMBwUART_ThroughVoter\\XA200T_TMRMBwGPO_TMRMBwUART_ThroughVoter.sw\\webtalk\\usage_statistics_ext_sdk.html -wdm D:\\SEUDProject\\XA200T_TMRMBwGPO_TMRMBwUART_ThroughVoter\\XA200T_TMRMBwGPO_TMRMBwUART_ThroughVoter.sw\\webtalk\\sdk_webtalk.wdm -intro "<H3>SDK Usage Report</H3><BR>"

    while executing
"webtalk_transmit -clientid 2712851956 -regid "" -xml D:\\SEUDProject\\XA200T_TMRMBwGPO_TMRMBwUART_ThroughVoter\\XA200T_TMRMBwGPO_TMRMBwUART_ThroughVot..."
    (file "sdk_webtalk.tcl" line 74)
INFO: [Common 17-206] Exiting Webtalk at Sat Dec 12 07:25:41 2015...
