#-----------------------------------------------------------
# Webtalk v2015.4 (64-bit)
# SW Build 1412921 on Wed Nov 18 09:43:45 MST 2015
# 
# Start of session at: Sat Dec 12 08:12:18 2015
# Process ID: 6868
# Current directory: D:/SEUDProject/XA200T_TMRMBwGPO_TMRMBwUART_ThroughVoter/XA200T_TMRMBwGPO_TMRMBwUART_ThroughVoter.sw/webtalk
# Command line: wbtcv.exe -mode batch -source sdk_webtalk.tcl
# Log file: D:/SEUDProject/XA200T_TMRMBwGPO_TMRMBwUART_ThroughVoter/XA200T_TMRMBwGPO_TMRMBwUART_ThroughVoter.sw/webtalk/webtalk.log
# Journal file: D:/SEUDProject/XA200T_TMRMBwGPO_TMRMBwUART_ThroughVoter/XA200T_TMRMBwGPO_TMRMBwUART_ThroughVoter.sw/webtalk\webtalk.jou
#-----------------------------------------------------------
source sdk_webtalk.tcl
# webtalk_init -webtalk_dir D:\\SEUDProject\\XA200T_TMRMBwGPO_TMRMBwUART_ThroughVoter\\XA200T_TMRMBwGPO_TMRMBwUART_ThroughVoter.sw\\webtalk
# webtalk_register_client -client project
# webtalk_add_data -client project -key date_generated -value "Sat Dec 12 08:12:17 2015" -context "software_version_and_target_device"
# webtalk_add_data -client project -key product_version -value "SDK v2015.4" -context "software_version_and_target_device"
# webtalk_add_data -client project -key build_version -value "2015.4" -context "software_version_and_target_device"
# webtalk_add_data -client project -key os_platform -value "amd64" -context "software_version_and_target_device"
# webtalk_add_data -client project -key registration_id -value "" -context "software_version_and_target_device"
# webtalk_add_data -client project -key tool_flow -value "SDK" -context "software_version_and_target_device"
# webtalk_add_data -client project -key beta -value "false" -context "software_version_and_target_device"
# webtalk_add_data -client project -key route_design -value "NA" -context "software_version_and_target_device"
# webtalk_add_data -client project -key target_family -value "NA" -context "software_version_and_target_device"
# webtalk_add_data -client project -key target_device -value "NA" -context "software_version_and_target_device"
# webtalk_add_data -client project -key target_package -value "NA" -context "software_version_and_target_device"
# webtalk_add_data -client project -key target_speed -value "NA" -context "software_version_and_target_device"
# webtalk_add_data -client project -key random_id -value "24i5aoboo5kvbkn30ih5csqqom" -context "software_version_and_target_device"
# webtalk_add_data -client project -key project_id -value "2015.4_4" -context "software_version_and_target_device"
# webtalk_add_data -client project -key project_iteration -value "4" -context "software_version_and_target_device"
# webtalk_add_data -client project -key os_name -value "" -context "user_environment"
# webtalk_add_data -client project -key os_release -value "" -context "user_environment"
# webtalk_add_data -client project -key cpu_name -value "" -context "user_environment"
# webtalk_add_data -client project -key cpu_speed -value "" -context "user_environment"
# webtalk_add_data -client project -key total_processors -value "" -context "user_environment"
# webtalk_add_data -client project -key system_ram -value "" -context "user_environment"
# webtalk_register_client -client sdk
# webtalk_add_data -client sdk -key uid -value "1449902847914" -context "sdk\\\\bsp/1449902847914"
# webtalk_add_data -client sdk -key hwid -value "1449896881055" -context "sdk\\\\bsp/1449902847914"
# webtalk_add_data -client sdk -key os -value "standalone" -context "sdk\\\\bsp/1449902847914"
# webtalk_add_data -client sdk -key apptemplate -value "null" -context "sdk\\\\bsp/1449902847914"
# webtalk_add_data -client sdk -key uid -value "1449902891326" -context "sdk\\\\bsp/1449902891326"
# webtalk_add_data -client sdk -key hwid -value "1449896881055" -context "sdk\\\\bsp/1449902891326"
# webtalk_add_data -client sdk -key os -value "standalone" -context "sdk\\\\bsp/1449902891326"
# webtalk_add_data -client sdk -key apptemplate -value "null" -context "sdk\\\\bsp/1449902891326"
# webtalk_add_data -client sdk -key uid -value "1449902974050" -context "sdk\\\\bsp/1449902974050"
# webtalk_add_data -client sdk -key hwid -value "1449896881055" -context "sdk\\\\bsp/1449902974050"
# webtalk_add_data -client sdk -key os -value "standalone" -context "sdk\\\\bsp/1449902974050"
# webtalk_add_data -client sdk -key apptemplate -value "null" -context "sdk\\\\bsp/1449902974050"
# webtalk_add_data -client sdk -key uid -value "1449903022088" -context "sdk\\\\bsp/1449903022088"
# webtalk_add_data -client sdk -key hwid -value "1449896881055" -context "sdk\\\\bsp/1449903022088"
# webtalk_add_data -client sdk -key os -value "standalone" -context "sdk\\\\bsp/1449903022088"
# webtalk_add_data -client sdk -key apptemplate -value "null" -context "sdk\\\\bsp/1449903022088"
# webtalk_add_data -client sdk -key uid -value "1449903070061" -context "sdk\\\\bsp/1449903070061"
# webtalk_add_data -client sdk -key hwid -value "1449896881055" -context "sdk\\\\bsp/1449903070061"
# webtalk_add_data -client sdk -key os -value "standalone" -context "sdk\\\\bsp/1449903070061"
# webtalk_add_data -client sdk -key apptemplate -value "null" -context "sdk\\\\bsp/1449903070061"
# webtalk_add_data -client sdk -key uid -value "1449903109676" -context "sdk\\\\bsp/1449903109676"
# webtalk_add_data -client sdk -key hwid -value "1449896881055" -context "sdk\\\\bsp/1449903109676"
# webtalk_add_data -client sdk -key os -value "standalone" -context "sdk\\\\bsp/1449903109676"
# webtalk_add_data -client sdk -key apptemplate -value "null" -context "sdk\\\\bsp/1449903109676"
# webtalk_transmit -clientid 3636960342 -regid "" -xml D:\\SEUDProject\\XA200T_TMRMBwGPO_TMRMBwUART_ThroughVoter\\XA200T_TMRMBwGPO_TMRMBwUART_ThroughVoter.sw\\webtalk\\usage_statistics_ext_sdk.xml -html D:\\SEUDProject\\XA200T_TMRMBwGPO_TMRMBwUART_ThroughVoter\\XA200T_TMRMBwGPO_TMRMBwUART_ThroughVoter.sw\\webtalk\\usage_statistics_ext_sdk.html -wdm D:\\SEUDProject\\XA200T_TMRMBwGPO_TMRMBwUART_ThroughVoter\\XA200T_TMRMBwGPO_TMRMBwUART_ThroughVoter.sw\\webtalk\\sdk_webtalk.wdm -intro "<H3>SDK Usage Report</H3><BR>"

    while executing
"webtalk_transmit -clientid 3636960342 -regid "" -xml D:\\SEUDProject\\XA200T_TMRMBwGPO_TMRMBwUART_ThroughVoter\\XA200T_TMRMBwGPO_TMRMBwUART_ThroughVot..."
    (file "sdk_webtalk.tcl" line 49)
INFO: [Common 17-206] Exiting Webtalk at Sat Dec 12 08:12:22 2015...
